#
# There is insufficient memory for the Java Runtime Environment to continue.
# Native memory allocation (malloc) failed to allocate 1851984 bytes for Chunk::new
# Possible reasons:
#   The system is out of physical RAM or swap space
#   In 32 bit mode, the process size limit was hit
# Possible solutions:
#   Reduce memory load on the system
#   Increase physical memory or swap space
#   Check if swap backing store is full
#   Use 64 bit Java on a 64 bit OS
#   Decrease Java heap size (-Xmx/-Xms)
#   Decrease number of Java threads
#   Decrease Java thread stack sizes (-Xss)
#   Set larger code cache with -XX:ReservedCodeCacheSize=
# This output file may be truncated or incomplete.
#
#  Out of Memory Error (allocation.cpp:390), pid=14996, tid=16568
#
# JRE version: Java(TM) SE Runtime Environment (8.0_51-b16) (build 1.8.0_51-b16)
# Java VM: Java HotSpot(TM) 64-Bit Server VM (25.51-b03 mixed mode windows-amd64 compressed oops)
# Failed to write core dump. Minidumps are not enabled by default on client versions of Windows
#

---------------  T H R E A D  ---------------

Current thread (0x0000000019c76000):  JavaThread "C2 CompilerThread2" daemon [_thread_in_native, id=16568, stack(0x000000001a440000,0x000000001a540000)]

Stack: [0x000000001a440000,0x000000001a540000]
Native frames: (J=compiled Java code, j=interpreted, Vv=VM code, C=native code)
V  [jvm.dll+0x32b4ca]
V  [jvm.dll+0x2797e3]
V  [jvm.dll+0x27a479]
V  [jvm.dll+0x271765]
V  [jvm.dll+0xcba02]
V  [jvm.dll+0xcbecc]
V  [jvm.dll+0x4643d2]
V  [jvm.dll+0x4db655]
V  [jvm.dll+0x4dc257]
V  [jvm.dll+0x46a5e1]
V  [jvm.dll+0x46cde2]
V  [jvm.dll+0x4501a2]
V  [jvm.dll+0xa43a2]
V  [jvm.dll+0xa4cdf]
V  [jvm.dll+0x2418a4]
V  [jvm.dll+0x29846a]
C  [msvcr100.dll+0x21d9f]
C  [msvcr100.dll+0x21e3b]
C  [KERNEL32.DLL+0x8364]
C  [ntdll.dll+0x67091]


Current CompileTask:
C2:   6914 3577   !   4       com.sun.beans.TypeResolver::resolve (274 bytes)


---------------  P R O C E S S  ---------------

Java Threads: ( => current thread )
  0x000000001f9c1000 JavaThread "File lock request listener" [_thread_in_native, id=17044, stack(0x000000001da20000,0x000000001db20000)]
  0x0000000019cbb000 JavaThread "Service Thread" daemon [_thread_blocked, id=10084, stack(0x000000001a640000,0x000000001a740000)]
  0x0000000019c86000 JavaThread "C1 CompilerThread3" daemon [_thread_blocked, id=12760, stack(0x000000001a540000,0x000000001a640000)]
=>0x0000000019c76000 JavaThread "C2 CompilerThread2" daemon [_thread_in_native, id=16568, stack(0x000000001a440000,0x000000001a540000)]
  0x0000000019c74800 JavaThread "C2 CompilerThread1" daemon [_thread_in_native, id=15416, stack(0x000000001a340000,0x000000001a440000)]
  0x0000000019c6e800 JavaThread "C2 CompilerThread0" daemon [_thread_blocked, id=16000, stack(0x000000001a240000,0x000000001a340000)]
  0x0000000019c69800 JavaThread "Attach Listener" daemon [_thread_blocked, id=480, stack(0x000000001a140000,0x000000001a240000)]
  0x0000000019c68800 JavaThread "Signal Dispatcher" daemon [_thread_blocked, id=13916, stack(0x000000001a040000,0x000000001a140000)]
  0x0000000002c8b800 JavaThread "Finalizer" daemon [_thread_blocked, id=16748, stack(0x0000000019b30000,0x0000000019c30000)]
  0x0000000017c4d800 JavaThread "Reference Handler" daemon [_thread_blocked, id=16976, stack(0x0000000019a30000,0x0000000019b30000)]
  0x0000000002b92800 JavaThread "main" [_thread_in_native, id=15052, stack(0x0000000002a90000,0x0000000002b90000)]

Other Threads:
  0x0000000017c49000 VMThread [stack: 0x0000000019930000,0x0000000019a30000] [id=14768]
  0x0000000019cbf000 WatcherThread [stack: 0x000000001a740000,0x000000001a840000] [id=11180]

VM state:not at safepoint (normal execution)

VM Mutex/Monitor currently owned by a thread: None

Heap:
 PSYoungGen      total 107520K, used 3996K [0x00000000d5e00000, 0x00000000df100000, 0x0000000100000000)
  eden space 100864K, 3% used [0x00000000d5e00000,0x00000000d61e7358,0x00000000dc080000)
  from space 6656K, 0% used [0x00000000dea80000,0x00000000dea80000,0x00000000df100000)
  to   space 10240K, 0% used [0x00000000ddd00000,0x00000000ddd00000,0x00000000de700000)
 ParOldGen       total 61440K, used 20276K [0x0000000081a00000, 0x0000000085600000, 0x00000000d5e00000)
  object space 61440K, 33% used [0x0000000081a00000,0x0000000082dcd338,0x0000000085600000)
 Metaspace       used 35107K, capacity 35710K, committed 36096K, reserved 1081344K
  class space    used 4837K, capacity 5088K, committed 5120K, reserved 1048576K

Card table byte_map: [0x0000000012050000,0x0000000012450000] byte_map_base: 0x0000000011c43000

Marking Bits: (ParMarkBitMap*) 0x0000000055d64040
 Begin Bits: [0x0000000012f00000, 0x0000000014e98000)
 End Bits:   [0x0000000014e98000, 0x0000000016e30000)

Polling page: 0x0000000000dc0000

CodeCache: size=245760Kb used=13277Kb max_used=13304Kb free=232482Kb
 bounds [0x0000000002c90000, 0x00000000039a0000, 0x0000000011c90000]
 total_blobs=4261 nmethods=3595 adapters=578
 compilation: enabled

Compilation events (10 events):
Event: 6.788 Thread 0x0000000019c86000 3598       3       java.util.Collections$UnmodifiableCollection$1::<init> (26 bytes)
Event: 6.789 Thread 0x0000000019c86000 nmethod 3598 0x000000000397bd50 code [0x000000000397bec0, 0x000000000397c188]
Event: 6.808 Thread 0x0000000019c86000 3599       3       sun.nio.fs.WindowsPathParser::isInvalidPathChar (22 bytes)
Event: 6.808 Thread 0x0000000019c86000 nmethod 3599 0x000000000397b790 code [0x000000000397b900, 0x000000000397bc88]
Event: 6.813 Thread 0x0000000019c86000 3601       3       jdk.internal.org.objectweb.asm.Frame::pop (45 bytes)
Event: 6.813 Thread 0x0000000019c86000 nmethod 3601 0x000000000397b3d0 code [0x000000000397b520, 0x000000000397b6f0]
Event: 6.814 Thread 0x0000000019c86000 3602       3       jdk.internal.org.objectweb.asm.ClassWriter::newNameType (10 bytes)
Event: 6.814 Thread 0x0000000019c86000 nmethod 3602 0x000000000397afd0 code [0x000000000397b140, 0x000000000397b2e8]
Event: 6.814 Thread 0x0000000019c86000 3603       3       jdk.internal.org.objectweb.asm.ClassWriter::newNameTypeItem (71 bytes)
Event: 6.815 Thread 0x0000000019c86000 nmethod 3603 0x000000000397a5d0 code [0x000000000397a7c0, 0x000000000397acf8]

GC Heap History (10 events):
Event: 2.191 GC heap before
{Heap before GC invocations=6 (full 1):
 PSYoungGen      total 71680K, used 5088K [0x00000000d5e00000, 0x00000000df500000, 0x0000000100000000)
  eden space 66560K, 0% used [0x00000000d5e00000,0x00000000d5e00000,0x00000000d9f00000)
  from space 5120K, 99% used [0x00000000d9f00000,0x00000000da3f8030,0x00000000da400000)
  to   space 10752K, 0% used [0x00000000dea80000,0x00000000dea80000,0x00000000df500000)
 ParOldGen       total 87552K, used 9498K [0x0000000081a00000, 0x0000000086f80000, 0x00000000d5e00000)
  object space 87552K, 10% used [0x0000000081a00000,0x0000000082346988,0x0000000086f80000)
 Metaspace       used 20939K, capacity 21170K, committed 21296K, reserved 1067008K
  class space    used 2863K, capacity 2934K, committed 2944K, reserved 1048576K
Event: 2.237 GC heap after
Heap after GC invocations=6 (full 1):
 PSYoungGen      total 71680K, used 0K [0x00000000d5e00000, 0x00000000df500000, 0x0000000100000000)
  eden space 66560K, 0% used [0x00000000d5e00000,0x00000000d5e00000,0x00000000d9f00000)
  from space 5120K, 0% used [0x00000000d9f00000,0x00000000d9f00000,0x00000000da400000)
  to   space 10752K, 0% used [0x00000000dea80000,0x00000000dea80000,0x00000000df500000)
 ParOldGen       total 61440K, used 7774K [0x0000000081a00000, 0x0000000085600000, 0x00000000d5e00000)
  object space 61440K, 12% used [0x0000000081a00000,0x00000000821978b8,0x0000000085600000)
 Metaspace       used 20939K, capacity 21170K, committed 21296K, reserved 1067008K
  class space    used 2863K, capacity 2934K, committed 2944K, reserved 1048576K
}
Event: 3.126 GC heap before
{Heap before GC invocations=7 (full 1):
 PSYoungGen      total 71680K, used 66560K [0x00000000d5e00000, 0x00000000df500000, 0x0000000100000000)
  eden space 66560K, 100% used [0x00000000d5e00000,0x00000000d9f00000,0x00000000d9f00000)
  from space 5120K, 0% used [0x00000000d9f00000,0x00000000d9f00000,0x00000000da400000)
  to   space 10752K, 0% used [0x00000000dea80000,0x00000000dea80000,0x00000000df500000)
 ParOldGen       total 61440K, used 7774K [0x0000000081a00000, 0x0000000085600000, 0x00000000d5e00000)
  object space 61440K, 12% used [0x0000000081a00000,0x00000000821978b8,0x0000000085600000)
 Metaspace       used 25343K, capacity 25710K, committed 25984K, reserved 1071104K
  class space    used 3534K, capacity 3655K, committed 3712K, reserved 1048576K
Event: 3.131 GC heap after
Heap after GC invocations=7 (full 1):
 PSYoungGen      total 107520K, used 6246K [0x00000000d5e00000, 0x00000000df100000, 0x0000000100000000)
  eden space 100864K, 0% used [0x00000000d5e00000,0x00000000d5e00000,0x00000000dc080000)
  from space 6656K, 93% used [0x00000000dea80000,0x00000000df099bd8,0x00000000df100000)
  to   space 10240K, 0% used [0x00000000ddd00000,0x00000000ddd00000,0x00000000de700000)
 ParOldGen       total 61440K, used 7846K [0x0000000081a00000, 0x0000000085600000, 0x00000000d5e00000)
  object space 61440K, 12% used [0x0000000081a00000,0x00000000821a98c8,0x0000000085600000)
 Metaspace       used 25343K, capacity 25710K, committed 25984K, reserved 1071104K
  class space    used 3534K, capacity 3655K, committed 3712K, reserved 1048576K
}
Event: 5.786 GC heap before
{Heap before GC invocations=8 (full 1):
 PSYoungGen      total 107520K, used 107110K [0x00000000d5e00000, 0x00000000df100000, 0x0000000100000000)
  eden space 100864K, 100% used [0x00000000d5e00000,0x00000000dc080000,0x00000000dc080000)
  from space 6656K, 93% used [0x00000000dea80000,0x00000000df099bd8,0x00000000df100000)
  to   space 10240K, 0% used [0x00000000ddd00000,0x00000000ddd00000,0x00000000de700000)
 ParOldGen       total 61440K, used 7846K [0x0000000081a00000, 0x0000000085600000, 0x00000000d5e00000)
  object space 61440K, 12% used [0x0000000081a00000,0x00000000821a98c8,0x0000000085600000)
 Metaspace       used 33359K, capacity 33812K, committed 34176K, reserved 1079296K
  class space    used 4544K, capacity 4669K, committed 4736K, reserved 1048576K
Event: 5.820 GC heap after
Heap after GC invocations=8 (full 1):
 PSYoungGen      total 111104K, used 10228K [0x00000000d5e00000, 0x00000000df100000, 0x0000000100000000)
  eden space 100864K, 0% used [0x00000000d5e00000,0x00000000d5e00000,0x00000000dc080000)
  from space 10240K, 99% used [0x00000000ddd00000,0x00000000de6fd3f8,0x00000000de700000)
  to   space 6656K, 0% used [0x00000000dea80000,0x00000000dea80000,0x00000000df100000)
 ParOldGen       total 61440K, used 9783K [0x0000000081a00000, 0x0000000085600000, 0x00000000d5e00000)
  object space 61440K, 15% used [0x0000000081a00000,0x000000008238de20,0x0000000085600000)
 Metaspace       used 33359K, capacity 33812K, committed 34176K, reserved 1079296K
  class space    used 4544K, capacity 4669K, committed 4736K, reserved 1048576K
}
Event: 6.569 GC heap before
{Heap before GC invocations=9 (full 1):
 PSYoungGen      total 111104K, used 56325K [0x00000000d5e00000, 0x00000000df100000, 0x0000000100000000)
  eden space 100864K, 45% used [0x00000000d5e00000,0x00000000d8b04090,0x00000000dc080000)
  from space 10240K, 99% used [0x00000000ddd00000,0x00000000de6fd3f8,0x00000000de700000)
  to   space 6656K, 0% used [0x00000000dea80000,0x00000000dea80000,0x00000000df100000)
 ParOldGen       total 61440K, used 9783K [0x0000000081a00000, 0x0000000085600000, 0x00000000d5e00000)
  object space 61440K, 15% used [0x0000000081a00000,0x000000008238de20,0x0000000085600000)
 Metaspace       used 34611K, capacity 35210K, committed 35456K, reserved 1079296K
  class space    used 4751K, capacity 4986K, committed 4992K, reserved 1048576K
Event: 6.608 GC heap after
Heap after GC invocations=9 (full 1):
 PSYoungGen      total 107520K, used 6639K [0x00000000d5e00000, 0x00000000df100000, 0x0000000100000000)
  eden space 100864K, 0% used [0x00000000d5e00000,0x00000000d5e00000,0x00000000dc080000)
  from space 6656K, 99% used [0x00000000dea80000,0x00000000df0fbdf8,0x00000000df100000)
  to   space 10240K, 0% used [0x00000000ddd00000,0x00000000ddd00000,0x00000000de700000)
 ParOldGen       total 61440K, used 16245K [0x0000000081a00000, 0x0000000085600000, 0x00000000d5e00000)
  object space 61440K, 26% used [0x0000000081a00000,0x00000000829dd4e0,0x0000000085600000)
 Metaspace       used 34611K, capacity 35210K, committed 35456K, reserved 1079296K
  class space    used 4751K, capacity 4986K, committed 4992K, reserved 1048576K
}
Event: 6.608 GC heap before
{Heap before GC invocations=10 (full 2):
 PSYoungGen      total 107520K, used 6639K [0x00000000d5e00000, 0x00000000df100000, 0x0000000100000000)
  eden space 100864K, 0% used [0x00000000d5e00000,0x00000000d5e00000,0x00000000dc080000)
  from space 6656K, 99% used [0x00000000dea80000,0x00000000df0fbdf8,0x00000000df100000)
  to   space 10240K, 0% used [0x00000000ddd00000,0x00000000ddd00000,0x00000000de700000)
 ParOldGen       total 61440K, used 16245K [0x0000000081a00000, 0x0000000085600000, 0x00000000d5e00000)
  object space 61440K, 26% used [0x0000000081a00000,0x00000000829dd4e0,0x0000000085600000)
 Metaspace       used 34611K, capacity 35210K, committed 35456K, reserved 1079296K
  class space    used 4751K, capacity 4986K, committed 4992K, reserved 1048576K
Event: 6.760 GC heap after
Heap after GC invocations=10 (full 2):
 PSYoungGen      total 107520K, used 0K [0x00000000d5e00000, 0x00000000df100000, 0x0000000100000000)
  eden space 100864K, 0% used [0x00000000d5e00000,0x00000000d5e00000,0x00000000dc080000)
  from space 6656K, 0% used [0x00000000dea80000,0x00000000dea80000,0x00000000df100000)
  to   space 10240K, 0% used [0x00000000ddd00000,0x00000000ddd00000,0x00000000de700000)
 ParOldGen       total 61440K, used 20276K [0x0000000081a00000, 0x0000000085600000, 0x00000000d5e00000)
  object space 61440K, 33% used [0x0000000081a00000,0x0000000082dcd338,0x0000000085600000)
 Metaspace       used 34611K, capacity 35210K, committed 35456K, reserved 1079296K
  class space    used 4751K, capacity 4986K, committed 4992K, reserved 1048576K
}

Deoptimization events (10 events):
Event: 5.757 Thread 0x0000000002b92800 Uncommon trap: reason=unstable_if action=reinterpret pc=0x00000000030c9b3c method=java.lang.CharacterDataLatin1.isWhitespace(I)Z @ 14
Event: 5.782 Thread 0x0000000002b92800 Uncommon trap: reason=unstable_if action=reinterpret pc=0x000000000364efac method=java.security.CodeSource.getCertificates()[Ljava/security/cert/Certificate; @ 22
Event: 5.820 Thread 0x0000000002c8b800 Uncommon trap: reason=unstable_if action=reinterpret pc=0x00000000032cb6ac method=java.util.WeakHashMap.remove(Ljava/lang/Object;)Ljava/lang/Object; @ 67
Event: 5.833 Thread 0x0000000002b92800 Uncommon trap: reason=unstable_if action=reinterpret pc=0x00000000034157c0 method=java.util.LinkedHashMap.get(Ljava/lang/Object;)Ljava/lang/Object; @ 20
Event: 6.028 Thread 0x0000000002b92800 Uncommon trap: reason=bimorphic action=maybe_recompile pc=0x00000000035d5ba8 method=org.codehaus.groovy.runtime.metaclass.MetaMethodIndex.addMethodToList(Ljava/lang/Object;Lgroovy/lang/MetaMethod;)Ljava/lang/Object; @ 126
Event: 6.028 Thread 0x0000000002b92800 Uncommon trap: reason=bimorphic action=maybe_recompile pc=0x00000000035d5ba8 method=org.codehaus.groovy.runtime.metaclass.MetaMethodIndex.addMethodToList(Ljava/lang/Object;Lgroovy/lang/MetaMethod;)Ljava/lang/Object; @ 126
Event: 6.028 Thread 0x0000000002b92800 Uncommon trap: reason=bimorphic action=maybe_recompile pc=0x00000000035d5ba8 method=org.codehaus.groovy.runtime.metaclass.MetaMethodIndex.addMethodToList(Ljava/lang/Object;Lgroovy/lang/MetaMethod;)Ljava/lang/Object; @ 126
Event: 6.176 Thread 0x0000000002b92800 Uncommon trap: reason=bimorphic action=maybe_recompile pc=0x00000000039091c4 method=org.codehaus.groovy.runtime.metaclass.MetaMethodIndex.addMethodToList(Ljava/lang/Object;Lgroovy/lang/MetaMethod;)Ljava/lang/Object; @ 275
Event: 6.176 Thread 0x0000000002b92800 Uncommon trap: reason=bimorphic action=maybe_recompile pc=0x00000000039091c4 method=org.codehaus.groovy.runtime.metaclass.MetaMethodIndex.addMethodToList(Ljava/lang/Object;Lgroovy/lang/MetaMethod;)Ljava/lang/Object; @ 275
Event: 6.425 Thread 0x0000000002b92800 Uncommon trap: reason=unstable_if action=reinterpret pc=0x00000000038c1f18 method=java.util.Formatter$Flags.contains(Ljava/util/Formatter$Flags;)Z @ 13

Internal exceptions (10 events):
Event: 6.807 Thread 0x0000000002b92800 Exception <a 'sun/nio/fs/WindowsException'> (0x00000000d607c4b8) thrown at [C:\re\workspace\8-2-build-windows-amd64-cygwin\jdk8u51\3951\hotspot\src\share\vm\prims\jni.cpp, line 709]
Event: 6.807 Thread 0x0000000002b92800 Exception <a 'sun/nio/fs/WindowsException'> (0x00000000d607cd10) thrown at [C:\re\workspace\8-2-build-windows-amd64-cygwin\jdk8u51\3951\hotspot\src\share\vm\prims\jni.cpp, line 709]
Event: 6.818 Thread 0x0000000002b92800 Exception <a 'sun/nio/fs/WindowsException'> (0x00000000d60919d8) thrown at [C:\re\workspace\8-2-build-windows-amd64-cygwin\jdk8u51\3951\hotspot\src\share\vm\prims\jni.cpp, line 709]
Event: 6.818 Thread 0x0000000002b92800 Exception <a 'sun/nio/fs/WindowsException'> (0x00000000d6092248) thrown at [C:\re\workspace\8-2-build-windows-amd64-cygwin\jdk8u51\3951\hotspot\src\share\vm\prims\jni.cpp, line 709]
Event: 6.818 Thread 0x0000000002b92800 Exception <a 'sun/nio/fs/WindowsException'> (0x00000000d6093518) thrown at [C:\re\workspace\8-2-build-windows-amd64-cygwin\jdk8u51\3951\hotspot\src\share\vm\prims\jni.cpp, line 709]
Event: 6.818 Thread 0x0000000002b92800 Exception <a 'sun/nio/fs/WindowsException'> (0x00000000d6093dc0) thrown at [C:\re\workspace\8-2-build-windows-amd64-cygwin\jdk8u51\3951\hotspot\src\share\vm\prims\jni.cpp, line 709]
Event: 6.820 Thread 0x0000000002b92800 Exception <a 'sun/nio/fs/WindowsException'> (0x00000000d6096c18) thrown at [C:\re\workspace\8-2-build-windows-amd64-cygwin\jdk8u51\3951\hotspot\src\share\vm\prims\jni.cpp, line 709]
Event: 6.820 Thread 0x0000000002b92800 Exception <a 'sun/nio/fs/WindowsException'> (0x00000000d60974b0) thrown at [C:\re\workspace\8-2-build-windows-amd64-cygwin\jdk8u51\3951\hotspot\src\share\vm\prims\jni.cpp, line 709]
Event: 6.820 Thread 0x0000000002b92800 Exception <a 'sun/nio/fs/WindowsException'> (0x00000000d60987a8) thrown at [C:\re\workspace\8-2-build-windows-amd64-cygwin\jdk8u51\3951\hotspot\src\share\vm\prims\jni.cpp, line 709]
Event: 6.820 Thread 0x0000000002b92800 Exception <a 'sun/nio/fs/WindowsException'> (0x00000000d6099078) thrown at [C:\re\workspace\8-2-build-windows-amd64-cygwin\jdk8u51\3951\hotspot\src\share\vm\prims\jni.cpp, line 709]

Events (10 events):
Event: 6.817 loading class java/nio/file/attribute/FileAttributeView done
Event: 6.817 loading class java/nio/file/attribute/BasicFileAttributeView done
Event: 6.817 loading class sun/nio/fs/WindowsFileAttributeViews
Event: 6.817 loading class sun/nio/fs/WindowsFileAttributeViews done
Event: 6.817 loading class sun/nio/fs/WindowsFileAttributeViews$Basic
Event: 6.817 loading class sun/nio/fs/AbstractBasicFileAttributeView
Event: 6.817 loading class sun/nio/fs/DynamicFileAttributeView
Event: 6.817 loading class sun/nio/fs/DynamicFileAttributeView done
Event: 6.817 loading class sun/nio/fs/AbstractBasicFileAttributeView done
Event: 6.817 loading class sun/nio/fs/WindowsFileAttributeViews$Basic done


Dynamic libraries:
0x00007ff6af840000 - 0x00007ff6af877000 	C:\Program Files\Java\jdk1.8.0_51\bin\java.exe
0x00007fffd6c60000 - 0x00007fffd6e32000 	C:\WINDOWS\SYSTEM32\ntdll.dll
0x00007fffd4630000 - 0x00007fffd46dc000 	C:\WINDOWS\System32\KERNEL32.DLL
0x00007fffd3310000 - 0x00007fffd352d000 	C:\WINDOWS\System32\KERNELBASE.dll
0x00007fffd4d80000 - 0x00007fffd4e22000 	C:\WINDOWS\System32\ADVAPI32.dll
0x00007fffd4b80000 - 0x00007fffd4c1e000 	C:\WINDOWS\System32\msvcrt.dll
0x00007fffd4b20000 - 0x00007fffd4b79000 	C:\WINDOWS\System32\sechost.dll
0x00007fffd49e0000 - 0x00007fffd4b01000 	C:\WINDOWS\System32\RPCRT4.dll
0x00007fffd4e60000 - 0x00007fffd4fc5000 	C:\WINDOWS\System32\USER32.dll
0x00007fffd3cb0000 - 0x00007fffd3cce000 	C:\WINDOWS\System32\win32u.dll
0x00007fffd6a80000 - 0x00007fffd6ab4000 	C:\WINDOWS\System32\GDI32.dll
0x00007fffd3d30000 - 0x00007fffd3eb0000 	C:\WINDOWS\System32\gdi32full.dll
0x00007fffca6b0000 - 0x00007fffca92a000 	C:\WINDOWS\WinSxS\amd64_microsoft.windows.common-controls_6595b64144ccf1df_6.0.14393.953_none_42151e83c686086b\COMCTL32.dll
0x00007fffd4710000 - 0x00007fffd49d8000 	C:\WINDOWS\System32\combase.dll
0x00007fffd3eb0000 - 0x00007fffd3fa5000 	C:\WINDOWS\System32\ucrtbase.dll
0x00007fffd4180000 - 0x00007fffd41ea000 	C:\WINDOWS\System32\bcryptPrimitives.dll
0x00007fffd4e30000 - 0x00007fffd4e5e000 	C:\WINDOWS\System32\IMM32.DLL
0x0000000055df0000 - 0x0000000055ec2000 	C:\Program Files\Java\jdk1.8.0_51\jre\bin\msvcr100.dll
0x0000000055560000 - 0x0000000055de3000 	C:\Program Files\Java\jdk1.8.0_51\jre\bin\server\jvm.dll
0x00007fffd4700000 - 0x00007fffd4708000 	C:\WINDOWS\System32\PSAPI.DLL
0x00007fffd1630000 - 0x00007fffd1653000 	C:\WINDOWS\SYSTEM32\WINMM.dll
0x00007fffc8380000 - 0x00007fffc8389000 	C:\WINDOWS\SYSTEM32\WSOCK32.dll
0x00007fffcb950000 - 0x00007fffcb95a000 	C:\WINDOWS\SYSTEM32\VERSION.dll
0x00007fffd4470000 - 0x00007fffd44da000 	C:\WINDOWS\System32\WS2_32.dll
0x00007fffd1600000 - 0x00007fffd162b000 	C:\WINDOWS\SYSTEM32\WINMMBASE.dll
0x00007fffd3210000 - 0x00007fffd3252000 	C:\WINDOWS\System32\cfgmgr32.dll
0x00000000567b0000 - 0x00000000567bf000 	C:\Program Files\Java\jdk1.8.0_51\jre\bin\verify.dll
0x0000000056780000 - 0x00000000567a9000 	C:\Program Files\Java\jdk1.8.0_51\jre\bin\java.dll
0x0000000056760000 - 0x0000000056776000 	C:\Program Files\Java\jdk1.8.0_51\jre\bin\zip.dll
0x00007fffd50d0000 - 0x00007fffd65d8000 	C:\WINDOWS\System32\SHELL32.dll
0x00007fffd35d0000 - 0x00007fffd3ca8000 	C:\WINDOWS\System32\windows.storage.dll
0x00007fffd3110000 - 0x00007fffd315c000 	C:\WINDOWS\System32\powrprof.dll
0x00007fffd4fd0000 - 0x00007fffd5022000 	C:\WINDOWS\System32\shlwapi.dll
0x00007fffd30f0000 - 0x00007fffd30ff000 	C:\WINDOWS\System32\kernel.appcore.dll
0x00007fffd3160000 - 0x00007fffd3209000 	C:\WINDOWS\System32\shcore.dll
0x00007fffd30d0000 - 0x00007fffd30e4000 	C:\WINDOWS\System32\profapi.dll
0x0000000056740000 - 0x000000005675a000 	C:\Program Files\Java\jdk1.8.0_51\jre\bin\net.dll
0x00007fffd29a0000 - 0x00007fffd29fc000 	C:\WINDOWS\system32\mswsock.dll
0x0000000056720000 - 0x0000000056731000 	C:\Program Files\Java\jdk1.8.0_51\jre\bin\nio.dll
0x00007fffc0580000 - 0x00007fffc0592000 	C:\Users\Aishwarya\.gradle\native\19\windows-amd64\native-platform.dll
0x00007fffd2b40000 - 0x00007fffd2b57000 	C:\WINDOWS\SYSTEM32\CRYPTSP.dll
0x00007fffd25a0000 - 0x00007fffd25d3000 	C:\WINDOWS\system32\rsaenh.dll
0x00007fffd3010000 - 0x00007fffd303b000 	C:\WINDOWS\SYSTEM32\bcrypt.dll
0x00007fffd2820000 - 0x00007fffd283f000 	C:\WINDOWS\SYSTEM32\USERENV.dll
0x00007fffd3000000 - 0x00007fffd300b000 	C:\WINDOWS\SYSTEM32\CRYPTBASE.dll
0x00007fffd2720000 - 0x00007fffd2758000 	C:\WINDOWS\SYSTEM32\IPHLPAPI.DLL
0x00007fffd44e0000 - 0x00007fffd44e8000 	C:\WINDOWS\System32\NSI.dll
0x00007fffcf6f0000 - 0x00007fffcf706000 	C:\WINDOWS\SYSTEM32\dhcpcsvc6.DLL
0x00007fffcf7c0000 - 0x00007fffcf7da000 	C:\WINDOWS\SYSTEM32\dhcpcsvc.DLL
0x0000000056710000 - 0x000000005671d000 	C:\Program Files\Java\jdk1.8.0_51\jre\bin\management.dll
0x00007fffcb260000 - 0x00007fffcb3f2000 	C:\WINDOWS\SYSTEM32\dbghelp.dll

VM Arguments:
jvm_args: -Dorg.gradle.appname=gradlew 
java_command: org.gradle.wrapper.GradleWrapperMain installDebug
java_class_path (initial): C:\Users\Aishwarya\Desktop\sample\android\\gradle\wrapper\gradle-wrapper.jar
Launcher Type: SUN_STANDARD

Environment Variables:
JAVA_HOME=C:\Program Files\Java\jdk1.8.0_51
CLASSPATH=C:\Users\Aishwarya\Desktop\sample\android\\gradle\wrapper\gradle-wrapper.jar
PATH=C:\Users\Aishwarya\bin;C:\Program Files\Git\mingw64\bin;C:\Program Files\Git\usr\local\bin;C:\Program Files\Git\usr\bin;C:\Program Files\Git\usr\bin;C:\Program Files\Git\mingw64\bin;C:\Program Files\Git\usr\bin;C:\Users\Aishwarya\bin;C:\ProgramData\Oracle\Java\javapath;C:\Program Files (x86)\Common Files\Intel\Shared Files\cpp\bin\Intel64;C:\Program Files (x86)\Intel\iCLS Client;C:\Program Files\Intel\iCLS Client;C:\Windows\system32;C:\Windows;C:\Windows\System32\Wbem;C:\Windows\System32\WindowsPowerShell\v1.0;C:\Program Files\Intel\Intel(R) Management Engine Components\DAL;C:\Program Files\Intel\Intel(R) Management Engine Components\IPT;C:\Program Files (x86)\Intel\Intel(R) Management Engine Components\DAL;C:\Program Files (x86)\Intel\Intel(R) Management Engine Components\IPT;C:\Program Files (x86)\NVIDIA Corporation\PhysX\Common;C:\Program Files (x86)\Common Files\lenovo\easyplussdk\bin;C:\WINDOWS\system32;C:\WINDOWS;C:\WINDOWS\System32\Wbem;C:\WINDOWS\System32\WindowsPowerShell\v1.0;C:\Program Files\MySQL\MySQL Server 5.7\bin;C:\Program Files\Git\cmd;C:\Program Files\nodejs;C:\Users\Aishwarya\AppData\Local\Programs\Python\Python36\Scripts;C:\Users\Aishwarya\AppData\Local\Programs\Python\Python36;C:\Users\Aishwarya\AppData\Local\Microsoft\WindowsApps;C:\Users\Aishwarya\AppData\Local\GitHubDesktop\bin;C:\Users\Aishwarya\AppData\Roaming\npm;C:\Program Files\Git\usr\bin\vendor_perl;C:\Program Files\Git\usr\bin\core_perl
USERNAME=Aishwarya
SHELL=C:\Program Files\Git\usr\bin\bash.exe
DISPLAY=needs-to-be-defined
OS=Windows_NT
PROCESSOR_IDENTIFIER=Intel64 Family 6 Model 60 Stepping 3, GenuineIntel



---------------  S Y S T E M  ---------------

OS: Windows 10.0 , 64 bit Build 14393 (10.0.14393.1198)

CPU:total 8 (4 cores per cpu, 2 threads per core) family 6 model 60 stepping 3, cmov, cx8, fxsr, mmx, sse, sse2, sse3, ssse3, sse4.1, sse4.2, popcnt, avx, avx2, aes, clmul, erms, lzcnt, ht, tsc, tscinvbit, bmi1, bmi2

Memory: 4k page, physical 8274988k(1494544k free), swap 13794228k(5560k free)

vm_info: Java HotSpot(TM) 64-Bit Server VM (25.51-b03) for windows-amd64 JRE (1.8.0_51-b16), built on Jun  8 2015 18:03:07 by "java_re" with MS VC++ 10.0 (VS2010)

time: Mon Oct 16 18:36:08 2017
elapsed time: 6 seconds (0d 0h 0m 6s)

