#
# There is insufficient memory for the Java Runtime Environment to continue.
# Native memory allocation (malloc) failed to allocate 1727536 bytes for Chunk::new
# Possible reasons:
#   The system is out of physical RAM or swap space
#   In 32 bit mode, the process size limit was hit
# Possible solutions:
#   Reduce memory load on the system
#   Increase physical memory or swap space
#   Check if swap backing store is full
#   Use 64 bit Java on a 64 bit OS
#   Decrease Java heap size (-Xmx/-Xms)
#   Decrease number of Java threads
#   Decrease Java thread stack sizes (-Xss)
#   Set larger code cache with -XX:ReservedCodeCacheSize=
# This output file may be truncated or incomplete.
#
#  Out of Memory Error (allocation.cpp:390), pid=1548, tid=1604
#
# JRE version: Java(TM) SE Runtime Environment (8.0_51-b16) (build 1.8.0_51-b16)
# Java VM: Java HotSpot(TM) 64-Bit Server VM (25.51-b03 mixed mode windows-amd64 compressed oops)
# Failed to write core dump. Minidumps are not enabled by default on client versions of Windows
#

---------------  T H R E A D  ---------------

Current thread (0x00000000193fb800):  JavaThread "C2 CompilerThread2" daemon [_thread_in_native, id=1604, stack(0x0000000019bd0000,0x0000000019cd0000)]

Stack: [0x0000000019bd0000,0x0000000019cd0000]
Native frames: (J=compiled Java code, j=interpreted, Vv=VM code, C=native code)
V  [jvm.dll+0x32b4ca]
V  [jvm.dll+0x2797e3]
V  [PSAPI.DLL+0x27a479]
V  [GDI32.dll+0x271765]
V  [SHELL32.dll+0xcba02]
V  [jvm.dll+0xcbecc]
V  [jvm.dll+0x476f72]
V  [jvm.dll+0x4b95ff]
V  [jvm.dll+0x46bb38]
V  [jvm.dll+0x46cd4e]
V  [jvm.dll+0x4501a2]
V  [jvm.dll+0xa43a2]
V  [jvm.dll+0xa4cdf]
V  [jvm.dll+0x2418a4]
V  [jvm.dll+0x29846a]
C  [msvcr100.dll+0x21d9f]
C  [msvcr100.dll+0x21e3b]
C  [KERNEL32.DLL+0x8364]
C  [ntdll.dll+0x67091]


Current CompileTask:
C2:   9570 5592       4       org.gradle.model.internal.type.ModelType::wrap (219 bytes)


---------------  P R O C E S S  ---------------

Java Threads: ( => current thread )
  0x000000001ed72800 JavaThread "File lock request listener" [_thread_in_native, id=2896, stack(0x000000001cab0000,0x000000001cbb0000)]
  0x00000000194a1000 JavaThread "Service Thread" daemon [_thread_blocked, id=15688, stack(0x0000000019dd0000,0x0000000019ed0000)]
  0x0000000019417000 JavaThread "C1 CompilerThread3" daemon [_thread_blocked, id=16272, stack(0x0000000019cd0000,0x0000000019dd0000)]
=>0x00000000193fb800 JavaThread "C2 CompilerThread2" daemon [_thread_in_native, id=1604, stack(0x0000000019bd0000,0x0000000019cd0000)]
  0x000000001940e800 JavaThread "C2 CompilerThread1" daemon [_thread_in_native, id=9592, stack(0x0000000019ad0000,0x0000000019bd0000)]
  0x000000001940c000 JavaThread "C2 CompilerThread0" daemon [_thread_in_native, id=17212, stack(0x00000000199d0000,0x0000000019ad0000)]
  0x0000000019407000 JavaThread "Attach Listener" daemon [_thread_blocked, id=14208, stack(0x00000000198d0000,0x00000000199d0000)]
  0x000000001740e800 JavaThread "Signal Dispatcher" daemon [_thread_blocked, id=14020, stack(0x00000000197d0000,0x00000000198d0000)]
  0x00000000173fd000 JavaThread "Finalizer" daemon [_thread_blocked, id=16716, stack(0x00000000192d0000,0x00000000193d0000)]
  0x0000000002466800 JavaThread "Reference Handler" daemon [_thread_blocked, id=1412, stack(0x00000000191d0000,0x00000000192d0000)]
  0x0000000002372800 JavaThread "main" [_thread_in_native, id=7104, stack(0x0000000002270000,0x0000000002370000)]

Other Threads:
  0x00000000173f9000 VMThread [stack: 0x00000000190d0000,0x00000000191d0000] [id=11828]
  0x00000000194a2800 WatcherThread [stack: 0x0000000019ed0000,0x0000000019fd0000] [id=15568]

VM state:not at safepoint (normal execution)

VM Mutex/Monitor currently owned by a thread: None

Heap:
 PSYoungGen      total 167424K, used 50022K [0x00000000d5e00000, 0x00000000e4080000, 0x0000000100000000)
  eden space 153088K, 24% used [0x00000000d5e00000,0x00000000d82fe7c8,0x00000000df380000)
  from space 14336K, 84% used [0x00000000df380000,0x00000000dff5b3b8,0x00000000e0180000)
  to   space 15360K, 0% used [0x00000000e3180000,0x00000000e3180000,0x00000000e4080000)
 ParOldGen       total 92672K, used 20353K [0x0000000081a00000, 0x0000000087480000, 0x00000000d5e00000)
  object space 92672K, 21% used [0x0000000081a00000,0x0000000082de04e0,0x0000000087480000)
 Metaspace       used 46693K, capacity 47908K, committed 48000K, reserved 1091584K
  class space    used 6433K, capacity 6783K, committed 6784K, reserved 1048576K

Card table byte_map: [0x0000000011830000,0x0000000011c30000] byte_map_base: 0x0000000011423000

Marking Bits: (ParMarkBitMap*) 0x0000000055d64040
 Begin Bits: [0x00000000126e0000, 0x0000000014678000)
 End Bits:   [0x0000000014678000, 0x0000000016610000)

Polling page: 0x0000000000440000

CodeCache: size=245760Kb used=18147Kb max_used=18147Kb free=227612Kb
 bounds [0x0000000002470000, 0x0000000003640000, 0x0000000011470000]
 total_blobs=5859 nmethods=5168 adapters=602
 compilation: enabled

Compilation events (10 events):
Event: 9.456 Thread 0x0000000019417000 5644   !   3       org.gradle.internal.event.AbstractBroadcastDispatch::dispatch (127 bytes)
Event: 9.458 Thread 0x0000000019417000 nmethod 5644 0x00000000035fc110 code [0x00000000035fc460, 0x00000000035fe258]
Event: 9.458 Thread 0x0000000019417000 5645       3       org.gradle.internal.dispatch.ReflectionDispatch::dispatch (9 bytes)
Event: 9.458 Thread 0x0000000019417000 nmethod 5645 0x00000000035ff150 code [0x00000000035ff2c0, 0x00000000035ff548]
Event: 9.458 Thread 0x0000000019417000 5646   !   3       org.gradle.internal.dispatch.ReflectionDispatch::dispatch (42 bytes)
Event: 9.459 Thread 0x0000000019417000 nmethod 5646 0x00000000035ff610 code [0x00000000035ff7e0, 0x00000000035ffdc8]
Event: 9.460 Thread 0x0000000019417000 5647       3       org.gradle.internal.service.DefaultServiceRegistry$ParentServices::wrap (10 bytes)
Event: 9.460 Thread 0x0000000019417000 nmethod 5647 0x0000000003600150 code [0x00000000036002c0, 0x0000000003600550]
Event: 9.460 Thread 0x0000000019417000 5648       3       org.gradle.internal.service.DefaultServiceRegistry$ParentServices$1::<init> (15 bytes)
Event: 9.460 Thread 0x0000000019417000 nmethod 5648 0x0000000003600650 code [0x00000000036007a0, 0x0000000003600970]

GC Heap History (10 events):
Event: 3.131 GC heap before
{Heap before GC invocations=7 (full 1):
 PSYoungGen      total 71680K, used 66560K [0x00000000d5e00000, 0x00000000df500000, 0x0000000100000000)
  eden space 66560K, 100% used [0x00000000d5e00000,0x00000000d9f00000,0x00000000d9f00000)
  from space 5120K, 0% used [0x00000000d9f00000,0x00000000d9f00000,0x00000000da400000)
  to   space 10752K, 0% used [0x00000000dea80000,0x00000000dea80000,0x00000000df500000)
 ParOldGen       total 60416K, used 7774K [0x0000000081a00000, 0x0000000085500000, 0x00000000d5e00000)
  object space 60416K, 12% used [0x0000000081a00000,0x0000000082197b88,0x0000000085500000)
 Metaspace       used 25336K, capacity 25710K, committed 25984K, reserved 1071104K
  class space    used 3532K, capacity 3655K, committed 3712K, reserved 1048576K
Event: 3.137 GC heap after
Heap after GC invocations=7 (full 1):
 PSYoungGen      total 109568K, used 6179K [0x00000000d5e00000, 0x00000000df100000, 0x0000000100000000)
  eden space 102912K, 0% used [0x00000000d5e00000,0x00000000d5e00000,0x00000000dc280000)
  from space 6656K, 92% used [0x00000000dea80000,0x00000000df088cf8,0x00000000df100000)
  to   space 10240K, 0% used [0x00000000ddd00000,0x00000000ddd00000,0x00000000de700000)
 ParOldGen       total 60416K, used 7782K [0x0000000081a00000, 0x0000000085500000, 0x00000000d5e00000)
  object space 60416K, 12% used [0x0000000081a00000,0x0000000082199b88,0x0000000085500000)
 Metaspace       used 25336K, capacity 25710K, committed 25984K, reserved 1071104K
  class space    used 3532K, capacity 3655K, committed 3712K, reserved 1048576K
}
Event: 5.737 GC heap before
{Heap before GC invocations=8 (full 1):
 PSYoungGen      total 109568K, used 109091K [0x00000000d5e00000, 0x00000000df100000, 0x0000000100000000)
  eden space 102912K, 100% used [0x00000000d5e00000,0x00000000dc280000,0x00000000dc280000)
  from space 6656K, 92% used [0x00000000dea80000,0x00000000df088cf8,0x00000000df100000)
  to   space 10240K, 0% used [0x00000000ddd00000,0x00000000ddd00000,0x00000000de700000)
 ParOldGen       total 60416K, used 7782K [0x0000000081a00000, 0x0000000085500000, 0x00000000d5e00000)
  object space 60416K, 12% used [0x0000000081a00000,0x0000000082199b88,0x0000000085500000)
 Metaspace       used 33327K, capacity 33812K, committed 34176K, reserved 1079296K
  class space    used 4542K, capacity 4669K, committed 4736K, reserved 1048576K
Event: 5.759 GC heap after
Heap after GC invocations=8 (full 1):
 PSYoungGen      total 140288K, used 10230K [0x00000000d5e00000, 0x00000000e0e00000, 0x0000000100000000)
  eden space 130048K, 0% used [0x00000000d5e00000,0x00000000d5e00000,0x00000000ddd00000)
  from space 10240K, 99% used [0x00000000ddd00000,0x00000000de6fdaf0,0x00000000de700000)
  to   space 12800K, 0% used [0x00000000e0180000,0x00000000e0180000,0x00000000e0e00000)
 ParOldGen       total 60416K, used 9777K [0x0000000081a00000, 0x0000000085500000, 0x00000000d5e00000)
  object space 60416K, 16% used [0x0000000081a00000,0x000000008238c5f8,0x0000000085500000)
 Metaspace       used 33327K, capacity 33812K, committed 34176K, reserved 1079296K
  class space    used 4542K, capacity 4669K, committed 4736K, reserved 1048576K
}
Event: 6.501 GC heap before
{Heap before GC invocations=9 (full 1):
 PSYoungGen      total 140288K, used 54210K [0x00000000d5e00000, 0x00000000e0e00000, 0x0000000100000000)
  eden space 130048K, 33% used [0x00000000d5e00000,0x00000000d88f3078,0x00000000ddd00000)
  from space 10240K, 99% used [0x00000000ddd00000,0x00000000de6fdaf0,0x00000000de700000)
  to   space 12800K, 0% used [0x00000000e0180000,0x00000000e0180000,0x00000000e0e00000)
 ParOldGen       total 60416K, used 9777K [0x0000000081a00000, 0x0000000085500000, 0x00000000d5e00000)
  object space 60416K, 16% used [0x0000000081a00000,0x000000008238c5f8,0x0000000085500000)
 Metaspace       used 34608K, capacity 35210K, committed 35456K, reserved 1079296K
  class space    used 4752K, capacity 4986K, committed 4992K, reserved 1048576K
Event: 6.571 GC heap after
Heap after GC invocations=9 (full 1):
 PSYoungGen      total 165888K, used 12789K [0x00000000d5e00000, 0x00000000e4c80000, 0x0000000100000000)
  eden space 153088K, 0% used [0x00000000d5e00000,0x00000000d5e00000,0x00000000df380000)
  from space 12800K, 99% used [0x00000000e0180000,0x00000000e0dfd438,0x00000000e0e00000)
  to   space 14336K, 0% used [0x00000000df380000,0x00000000df380000,0x00000000e0180000)
 ParOldGen       total 60416K, used 10132K [0x0000000081a00000, 0x0000000085500000, 0x00000000d5e00000)
  object space 60416K, 16% used [0x0000000081a00000,0x00000000823e50b8,0x0000000085500000)
 Metaspace       used 34608K, capacity 35210K, committed 35456K, reserved 1079296K
  class space    used 4752K, capacity 4986K, committed 4992K, reserved 1048576K
}
Event: 6.571 GC heap before
{Heap before GC invocations=10 (full 2):
 PSYoungGen      total 165888K, used 12789K [0x00000000d5e00000, 0x00000000e4c80000, 0x0000000100000000)
  eden space 153088K, 0% used [0x00000000d5e00000,0x00000000d5e00000,0x00000000df380000)
  from space 12800K, 99% used [0x00000000e0180000,0x00000000e0dfd438,0x00000000e0e00000)
  to   space 14336K, 0% used [0x00000000df380000,0x00000000df380000,0x00000000e0180000)
 ParOldGen       total 60416K, used 10132K [0x0000000081a00000, 0x0000000085500000, 0x00000000d5e00000)
  object space 60416K, 16% used [0x0000000081a00000,0x00000000823e50b8,0x0000000085500000)
 Metaspace       used 34608K, capacity 35210K, committed 35456K, reserved 1079296K
  class space    used 4752K, capacity 4986K, committed 4992K, reserved 1048576K
Event: 6.718 GC heap after
Heap after GC invocations=10 (full 2):
 PSYoungGen      total 165888K, used 0K [0x00000000d5e00000, 0x00000000e4c80000, 0x0000000100000000)
  eden space 153088K, 0% used [0x00000000d5e00000,0x00000000d5e00000,0x00000000df380000)
  from space 12800K, 0% used [0x00000000e0180000,0x00000000e0180000,0x00000000e0e00000)
  to   space 14336K, 0% used [0x00000000df380000,0x00000000df380000,0x00000000e0180000)
 ParOldGen       total 92672K, used 20273K [0x0000000081a00000, 0x0000000087480000, 0x00000000d5e00000)
  object space 92672K, 21% used [0x0000000081a00000,0x0000000082dcc4b8,0x0000000087480000)
 Metaspace       used 34608K, capacity 35210K, committed 35456K, reserved 1079296K
  class space    used 4752K, capacity 4986K, committed 4992K, reserved 1048576K
}
Event: 8.871 GC heap before
{Heap before GC invocations=11 (full 2):
 PSYoungGen      total 165888K, used 153088K [0x00000000d5e00000, 0x00000000e4c80000, 0x0000000100000000)
  eden space 153088K, 100% used [0x00000000d5e00000,0x00000000df380000,0x00000000df380000)
  from space 12800K, 0% used [0x00000000e0180000,0x00000000e0180000,0x00000000e0e00000)
  to   space 14336K, 0% used [0x00000000df380000,0x00000000df380000,0x00000000e0180000)
 ParOldGen       total 92672K, used 20273K [0x0000000081a00000, 0x0000000087480000, 0x00000000d5e00000)
  object space 92672K, 21% used [0x0000000081a00000,0x0000000082dcc4b8,0x0000000087480000)
 Metaspace       used 44149K, capacity 45236K, committed 45312K, reserved 1087488K
  class space    used 6085K, capacity 6381K, committed 6400K, reserved 1048576K
Event: 8.887 GC heap after
Heap after GC invocations=11 (full 2):
 PSYoungGen      total 167424K, used 12140K [0x00000000d5e00000, 0x00000000e4080000, 0x0000000100000000)
  eden space 153088K, 0% used [0x00000000d5e00000,0x00000000d5e00000,0x00000000df380000)
  from space 14336K, 84% used [0x00000000df380000,0x00000000dff5b3b8,0x00000000e0180000)
  to   space 15360K, 0% used [0x00000000e3180000,0x00000000e3180000,0x00000000e4080000)
 ParOldGen       total 92672K, used 20353K [0x0000000081a00000, 0x0000000087480000, 0x00000000d5e00000)
  object space 92672K, 21% used [0x0000000081a00000,0x0000000082de04e0,0x0000000087480000)
 Metaspace       used 44149K, capacity 45236K, committed 45312K, reserved 1087488K
  class space    used 6085K, capacity 6381K, committed 6400K, reserved 1048576K
}

Deoptimization events (10 events):
Event: 9.252 Thread 0x0000000002372800 Uncommon trap: reason=class_check action=maybe_recompile pc=0x0000000003005634 method=org.gradle.model.internal.type.ModelType.wrap(Ljava/lang/reflect/Type;)Lorg/gradle/model/internal/type/TypeWrapper; @ 83
Event: 9.378 Thread 0x0000000002372800 Uncommon trap: reason=unstable_if action=reinterpret pc=0x0000000002b06cac method=com.sun.org.apache.xerces.internal.impl.XMLEntityScanner.peekChar()I @ 51
Event: 9.378 Thread 0x0000000002372800 Uncommon trap: reason=unstable_if action=reinterpret pc=0x0000000002b69b58 method=com.sun.org.apache.xerces.internal.impl.XMLEntityScanner.scanContent(Lcom/sun/org/apache/xerces/internal/xni/XMLString;)I @ 124
Event: 9.378 Thread 0x0000000002372800 Uncommon trap: reason=unstable_if action=reinterpret pc=0x0000000002dc866c method=com.sun.org.apache.xerces.internal.impl.XMLEntityScanner.skipSpaces()Z @ 75
Event: 9.459 Thread 0x0000000002372800 Uncommon trap: reason=unstable_if action=reinterpret pc=0x000000000320a71c method=java.util.concurrent.ConcurrentHashMap.get(Ljava/lang/Object;)Ljava/lang/Object; @ 76
Event: 9.460 Thread 0x0000000002372800 Uncommon trap: reason=class_check action=maybe_recompile pc=0x0000000002e34f90 method=java.util.concurrent.ConcurrentHashMap.putVal(Ljava/lang/Object;Ljava/lang/Object;Z)Ljava/lang/Object; @ 192
Event: 9.468 Thread 0x0000000002372800 Uncommon trap: reason=bimorphic action=maybe_recompile pc=0x00000000028b1fb4 method=java.io.DataOutputStream.writeByte(I)V @ 5
Event: 9.468 Thread 0x0000000002372800 Uncommon trap: reason=bimorphic action=maybe_recompile pc=0x00000000028965c0 method=java.io.DataOutputStream.write([BII)V @ 7
Event: 9.468 Thread 0x0000000002372800 Uncommon trap: reason=bimorphic action=maybe_recompile pc=0x00000000028965c0 method=java.io.DataOutputStream.write([BII)V @ 7
Event: 9.494 Thread 0x0000000002372800 Uncommon trap: reason=unstable_if action=reinterpret pc=0x0000000002b84578 method=java.lang.String.regionMatches(ZILjava/lang/String;II)Z @ 102

Internal exceptions (10 events):
Event: 9.208 Thread 0x0000000002372800 Exception <a 'java/lang/ClassNotFoundException': org/gradle/api/internal/tasks/DefaultTaskOutputsBeanInfo> (0x00000000d7495a40) thrown at [C:\re\workspace\8-2-build-windows-amd64-cygwin\jdk8u51\3951\hotspot\src\share\vm\classfile\systemDictionary.cpp, line[UB½j"@
Event: 9.208 Thread 0x0000000002372800 Exception <a 'java/lang/ClassNotFoundException': org/gradle/api/internal/tasks/DefaultTaskOutputsCustomizer> (0x00000000d74a5548) thrown at [C:\re\workspace\8-2-build-windows-amd64-cygwin\jdk8u51\3951\hotspot\src\share\vm\classfile\systemDictionary.cpp, liá+=P-m"@
Event: 9.213 Thread 0x0000000002372800 Exception <a 'java/lang/ClassNotFoundException': org/apache/tools/ant/taskdefs/condition/OsBeanInfo> (0x00000000d74e0538) thrown at [C:\re\workspace\8-2-build-windows-amd64-cygwin\jdk8u51\3951\hotspot\src\share\vm\classfile\systemDictionary.cpp, line 210]
Event: 9.213 Thread 0x0000000002372800 Exception <a 'java/lang/ClassNotFoundException': org/apache/tools/ant/taskdefs/condition/OsCustomizer> (0x00000000d74e9c70) thrown at [C:\re\workspace\8-2-build-windows-amd64-cygwin\jdk8u51\3951\hotspot\src\share\vm\classfile\systemDictionary.cpp, line 210	3û¡Š"@
Event: 9.271 Thread 0x0000000002372800 Exception <a 'java/lang/ClassNotFoundException': org/gradle/platform/base/BinaryContainer_ImplBeanInfo> (0x00000000d782c2d0) thrown at [C:\re\workspace\8-2-build-windows-amd64-cygwin\jdk8u51\3951\hotspot\src\share\vm\classfile\systemDictionary.cpp, line 21e$xºŠ"@
Event: 9.271 Thread 0x0000000002372800 Exception <a 'java/lang/ClassNotFoundException': org/gradle/model/internal/core/NodeBackedModelMapBeanInfo> (0x00000000d783b348) thrown at [C:\re\workspace\8-2-build-windows-amd64-cygwin\jdk8u51\3951\hotspot\src\share\vm\classfile\systemDictionary.cpp, lin
Event: 9.271 Thread 0x0000000002372800 Exception <a 'java/lang/ClassNotFoundException': org/gradle/model/internal/core/ModelMapGroovyViewBeanInfo> (0x00000000d784a3c0) thrown at [C:\re\workspace\8-2-build-windows-amd64-cygwin\jdk8u51\3951\hotspot\src\share\vm\classfile\systemDictionary.cpp, lin_‰	ÄêŠ"@
Event: 9.271 Thread 0x0000000002372800 Exception <a 'java/lang/ClassNotFoundException': org/gradle/model/internal/core/ModelMapGroovyViewCustomizer> (0x00000000d7859dd0) thrown at [C:\re\workspace\8-2-build-windows-amd64-cygwin\jdk8u51\3951\hotspot\src\share\vm\classfile\systemDictionary.cpp, lÒšW4‹"@
Event: 9.272 Thread 0x0000000002372800 Exception <a 'java/lang/ClassNotFoundException': org/gradle/model/internal/core/NodeBackedModelMapCustomizer> (0x00000000d787cc90) thrown at [C:\re\workspace\8-2-build-windows-amd64-cygwin\jdk8u51\3951\hotspot\src\share\vm\classfile\systemDictionary.cpp, l,ùóS×‹"@
Event: 9.273 Thread 0x0000000002372800 Exception <a 'java/lang/ClassNotFoundException': org/gradle/platform/base/BinaryContainer_ImplCustomizer> (0x00000000d78d8910) thrown at [C:\re\workspace\8-2-build-windows-amd64-cygwin\jdk8u51\3951\hotspot\src\share\vm\classfile\systemDictionary.cpp, line _ñ"„j"@

Events (10 events):
Event: 9.490 loading class org/gradle/api/internal/file/AbstractFileTreeElement done
Event: 9.491 loading class java/nio/file/FileVisitResult
Event: 9.491 loading class java/nio/file/FileVisitResult done
Event: 9.493 loading class org/gradle/api/tasks/util/internal/CachingPatternSpecFactory$CacheKey
Event: 9.493 loading class org/gradle/api/tasks/util/internal/CachingPatternSpecFactory$CacheKey done
Event: 9.493 loading class org/gradle/api/tasks/util/internal/CachingPatternSpecFactory$CachingSpec$1
Event: 9.493 loading class org/gradle/api/tasks/util/internal/CachingPatternSpecFactory$CachingSpec$1 done
Event: 9.494 Thread 0x0000000002372800 Uncommon trap: trap_request=0xffffff65 fr.pc=0x0000000002b84578
Event: 9.494 Thread 0x0000000002372800 DEOPT PACKING pc=0x0000000002b84578 sp=0x000000000236b5e0
Event: 9.494 Thread 0x0000000002372800 DEOPT UNPACKING pc=0x00000000024b582a sp=0x000000000236b568 mode 2


Dynamic libraries:
0x00007ff6af840000 - 0x00007ff6af877000 	C:\Program Files\Java\jdk1.8.0_51\bin\java.exe
0x00007fffd6c60000 - 0x00007fffd6e32000 	C:\WINDOWS\SYSTEM32\ntdll.dll
0x00007fffd4630000 - 0x00007fffd46dc000 	C:\WINDOWS\System32\KERNEL32.DLL
0x00007fffd3310000 - 0x00007fffd352d000 	C:\WINDOWS\System32\KERNELBASE.dll
0x00007fffd4d80000 - 0x00007fffd4e22000 	C:\WINDOWS\System32\ADVAPI32.dll
0x00007fffd4b80000 - 0x00007fffd4c1e000 	C:\WINDOWS\System32\msvcrt.dll
0x00007fffd4b20000 - 0x00007fffd4b79000 	C:\WINDOWS\System32\sechost.dll
0x00007fffd49e0000 - 0x00007fffd4b01000 	C:\WINDOWS\System32\RPCRT4.dll
0x00007fffd4e60000 - 0x00007fffd4fc5000 	C:\WINDOWS\System32\USER32.dll
0x00007fffd3cb0000 - 0x00007fffd3cce000 	C:\WINDOWS\System32\win32u.dll
0x00007fffd6a80000 - 0x00007fffd6ab4000 	C:\WINDOWS\System32\GDI32.dll
0x00007fffd3d30000 - 0x00007fffd3eb0000 	C:\WINDOWS\System32\gdi32full.dll
0x00007fffca6b0000 - 0x00007fffca92a000 	C:\WINDOWS\WinSxS\amd64_microsoft.windows.common-controls_6595b64144ccf1df_6.0.14393.953_none_42151e83c686086b\COMCTL32.dll
0x00007fffd4710000 - 0x00007fffd49d8000 	C:\WINDOWS\System32\combase.dll
0x00007fffd3eb0000 - 0x00007fffd3fa5000 	C:\WINDOWS\System32\ucrtbase.dll
0x00007fffd4180000 - 0x00007fffd41ea000 	C:\WINDOWS\System32\bcryptPrimitives.dll
0x00007fffd4e30000 - 0x00007fffd4e5e000 	C:\WINDOWS\System32\IMM32.DLL
0x0000000055df0000 - 0x0000000055ec2000 	C:\Program Files\Java\jdk1.8.0_51\jre\bin\msvcr100.dll
0x0000000055560000 - 0x0000000055de3000 	C:\Program Files\Java\jdk1.8.0_51\jre\bin\server\jvm.dll
0x00007fffd4700000 - 0x00007fffd4708000 	C:\WINDOWS\System32\PSAPI.DLL
0x00007fffcb950000 - 0x00007fffcb95a000 	C:\WINDOWS\SYSTEM32\VERSION.dll
0x00007fffd1630000 - 0x00007fffd1653000 	C:\WINDOWS\SYSTEM32\WINMM.dll
0x00007fffc8380000 - 0x00007fffc8389000 	C:\WINDOWS\SYSTEM32\WSOCK32.dll
0x00007fffd4470000 - 0x00007fffd44da000 	C:\WINDOWS\System32\WS2_32.dll
0x00007fffd1600000 - 0x00007fffd162b000 	C:\WINDOWS\SYSTEM32\WINMMBASE.dll
0x00007fffd3210000 - 0x00007fffd3252000 	C:\WINDOWS\System32\cfgmgr32.dll
0x00000000567b0000 - 0x00000000567bf000 	C:\Program Files\Java\jdk1.8.0_51\jre\bin\verify.dll
0x0000000056780000 - 0x00000000567a9000 	C:\Program Files\Java\jdk1.8.0_51\jre\bin\java.dll
0x0000000056760000 - 0x0000000056776000 	C:\Program Files\Java\jdk1.8.0_51\jre\bin\zip.dll
0x00007fffd50d0000 - 0x00007fffd65d8000 	C:\WINDOWS\System32\SHELL32.dll
0x00007fffd35d0000 - 0x00007fffd3ca8000 	C:\WINDOWS\System32\windows.storage.dll
0x00007fffd3110000 - 0x00007fffd315c000 	C:\WINDOWS\System32\powrprof.dll
0x00007fffd4fd0000 - 0x00007fffd5022000 	C:\WINDOWS\System32\shlwapi.dll
0x00007fffd30f0000 - 0x00007fffd30ff000 	C:\WINDOWS\System32\kernel.appcore.dll
0x00007fffd3160000 - 0x00007fffd3209000 	C:\WINDOWS\System32\shcore.dll
0x00007fffd30d0000 - 0x00007fffd30e4000 	C:\WINDOWS\System32\profapi.dll
0x0000000056740000 - 0x000000005675a000 	C:\Program Files\Java\jdk1.8.0_51\jre\bin\net.dll
0x00007fffd29a0000 - 0x00007fffd29fc000 	C:\WINDOWS\system32\mswsock.dll
0x0000000056720000 - 0x0000000056731000 	C:\Program Files\Java\jdk1.8.0_51\jre\bin\nio.dll
0x00007fffc0580000 - 0x00007fffc0592000 	C:\Users\Aishwarya\.gradle\native\19\windows-amd64\native-platform.dll
0x00007fffd2b40000 - 0x00007fffd2b57000 	C:\WINDOWS\SYSTEM32\CRYPTSP.dll
0x00007fffd25a0000 - 0x00007fffd25d3000 	C:\WINDOWS\system32\rsaenh.dll
0x00007fffd3010000 - 0x00007fffd303b000 	C:\WINDOWS\SYSTEM32\bcrypt.dll
0x00007fffd2820000 - 0x00007fffd283f000 	C:\WINDOWS\SYSTEM32\USERENV.dll
0x00007fffd3000000 - 0x00007fffd300b000 	C:\WINDOWS\SYSTEM32\CRYPTBASE.dll
0x00007fffd2720000 - 0x00007fffd2758000 	C:\WINDOWS\SYSTEM32\IPHLPAPI.DLL
0x00007fffd44e0000 - 0x00007fffd44e8000 	C:\WINDOWS\System32\NSI.dll
0x00007fffcf6f0000 - 0x00007fffcf706000 	C:\WINDOWS\SYSTEM32\dhcpcsvc6.DLL
0x00007fffcf7c0000 - 0x00007fffcf7da000 	C:\WINDOWS\SYSTEM32\dhcpcsvc.DLL
0x0000000056710000 - 0x000000005671d000 	C:\Program Files\Java\jdk1.8.0_51\jre\bin\management.dll
0x00007fffcb260000 - 0x00007fffcb3f2000 	C:\WINDOWS\SYSTEM32\dbghelp.dll

VM Arguments:
jvm_args: -Dorg.gradle.appname=gradlew 
java_command: org.gradle.wrapper.GradleWrapperMain installDebug
java_class_path (initial): C:\Users\Aishwarya\Desktop\sample\android\\gradle\wrapper\gradle-wrapper.jar
Launcher Type: SUN_STANDARD

Environment Variables:
JAVA_HOME=C:\Program Files\Java\jdk1.8.0_51
CLASSPATH=C:\Users\Aishwarya\Desktop\sample\android\\gradle\wrapper\gradle-wrapper.jar
PATH=C:\Users\Aishwarya\bin;C:\Program Files\Git\mingw64\bin;C:\Program Files\Git\usr\local\bin;C:\Program Files\Git\usr\bin;C:\Program Files\Git\usr\bin;C:\Program Files\Git\mingw64\bin;C:\Program Files\Git\usr\bin;C:\Users\Aishwarya\bin;C:\ProgramData\Oracle\Java\javapath;C:\Program Files (x86)\Common Files\Intel\Shared Files\cpp\bin\Intel64;C:\Program Files (x86)\Intel\iCLS Client;C:\Program Files\Intel\iCLS Client;C:\Windows\system32;C:\Windows;C:\Windows\System32\Wbem;C:\Windows\System32\WindowsPowerShell\v1.0;C:\Program Files\Intel\Intel(R) Management Engine Components\DAL;C:\Program Files\Intel\Intel(R) Management Engine Components\IPT;C:\Program Files (x86)\Intel\Intel(R) Management Engine Components\DAL;C:\Program Files (x86)\Intel\Intel(R) Management Engine Components\IPT;C:\Program Files (x86)\NVIDIA Corporation\PhysX\Common;C:\Program Files (x86)\Common Files\lenovo\easyplussdk\bin;C:\WINDOWS\system32;C:\WINDOWS;C:\WINDOWS\System32\Wbem;C:\WINDOWS\System32\WindowsPowerShell\v1.0;C:\Program Files\MySQL\MySQL Server 5.7\bin;C:\Program Files\Git\cmd;C:\Program Files\nodejs;C:\Users\Aishwarya\AppData\Local\Programs\Python\Python36\Scripts;C:\Users\Aishwarya\AppData\Local\Programs\Python\Python36;C:\Users\Aishwarya\AppData\Local\Microsoft\WindowsApps;C:\Users\Aishwarya\AppData\Local\GitHubDesktop\bin;C:\Users\Aishwarya\AppData\Roaming\npm;C:\Program Files\Git\usr\bin\vendor_perl;C:\Program Files\Git\usr\bin\core_perl
USERNAME=Aishwarya
SHELL=C:\Program Files\Git\usr\bin\bash.exe
DISPLAY=needs-to-be-defined
OS=Windows_NT
PROCESSOR_IDENTIFIER=Intel64 Family 6 Model 60 Stepping 3, GenuineIntel



---------------  S Y S T E M  ---------------

OS: Windows 10.0 , 64 bit Build 14393 (10.0.14393.1198)

CPU:total 8 (4 cores per cpu, 2 threads per core) family 6 model 60 stepping 3, cmov, cx8, fxsr, mmx, sse, sse2, sse3, ssse3, sse4.1, sse4.2, popcnt, avx, avx2, aes, clmul, erms, lzcnt, ht, tsc, tscinvbit, bmi1, bmi2

Memory: 4k page, physical 8274988k(1214800k free), swap 13794184k(3908k free)

vm_info: Java HotSpot(TM) 64-Bit Server VM (25.51-b03) for windows-amd64 JRE (1.8.0_51-b16), built on Jun  8 2015 18:03:07 by "java_re" with MS VC++ 10.0 (VS2010)

time: Mon Oct 16 19:38:15 2017
elapsed time: 9 seconds (0d 0h 0m 9s)

