#
# There is insufficient memory for the Java Runtime Environment to continue.
# Native memory allocation (malloc) failed to allocate 1410256 bytes for Chunk::new
# Possible reasons:
#   The system is out of physical RAM or swap space
#   In 32 bit mode, the process size limit was hit
# Possible solutions:
#   Reduce memory load on the system
#   Increase physical memory or swap space
#   Check if swap backing store is full
#   Use 64 bit Java on a 64 bit OS
#   Decrease Java heap size (-Xmx/-Xms)
#   Decrease number of Java threads
#   Decrease Java thread stack sizes (-Xss)
#   Set larger code cache with -XX:ReservedCodeCacheSize=
# This output file may be truncated or incomplete.
#
#  Out of Memory Error (allocation.cpp:390), pid=9520, tid=5968
#
# JRE version: Java(TM) SE Runtime Environment (8.0_51-b16) (build 1.8.0_51-b16)
# Java VM: Java HotSpot(TM) 64-Bit Server VM (25.51-b03 mixed mode windows-amd64 compressed oops)
# Failed to write core dump. Minidumps are not enabled by default on client versions of Windows
#

---------------  T H R E A D  ---------------

Current thread (0x000000001a120800):  JavaThread "C2 CompilerThread1" daemon [_thread_in_native, id=5968, stack(0x000000001a7f0000,0x000000001a8f0000)]

Stack: [0x000000001a7f0000,0x000000001a8f0000]
Native frames: (J=compiled Java code, j=interpreted, Vv=VM code, C=native code)
V  [jvm.dll+0x32b4ca]
V  [jvm.dll+0x2797e3]
V  [jvm.dll+0x27a479]
V  [jvm.dll+0x271765]
V  [jvm.dll+0xcba02]
V  [jvm.dll+0xcbecc]
V  [jvm.dll+0x476f72]
V  [jvm.dll+0x4b95ff]
V  [jvm.dll+0x46b745]
V  [jvm.dll+0x46cd4e]
V  [jvm.dll+0x4501a2]
V  [jvm.dll+0xa43a2]
V  [jvm.dll+0xa4cdf]
V  [jvm.dll+0x2418a4]
V  [jvm.dll+0x29846a]
C  [msvcr100.dll+0x21d9f]
C  [msvcr100.dll+0x21e3b]
C  [KERNEL32.DLL+0x8364]
C  [ntdll.dll+0x67091]


Current CompileTask:
C2:   4376 3009       4       java.lang.reflect.Method::toString (20 bytes)


---------------  P R O C E S S  ---------------

Java Threads: ( => current thread )
  0x000000001d798000 JavaThread "File lock request listener" [_thread_in_native, id=12636, stack(0x000000001f2c0000,0x000000001f3c0000)]
  0x000000001a1ba800 JavaThread "Service Thread" daemon [_thread_blocked, id=17024, stack(0x000000001aaf0000,0x000000001abf0000)]
  0x000000001a129800 JavaThread "C1 CompilerThread3" daemon [_thread_in_vm, id=15284, stack(0x000000001a9f0000,0x000000001aaf0000)]
  0x000000001a126800 JavaThread "C2 CompilerThread2" daemon [_thread_in_native, id=17092, stack(0x000000001a8f0000,0x000000001a9f0000)]
=>0x000000001a120800 JavaThread "C2 CompilerThread1" daemon [_thread_in_native, id=5968, stack(0x000000001a7f0000,0x000000001a8f0000)]
  0x000000001a11e800 JavaThread "C2 CompilerThread0" daemon [_thread_in_native, id=15076, stack(0x000000001a6f0000,0x000000001a7f0000)]
  0x000000001a119800 JavaThread "Attach Listener" daemon [_thread_blocked, id=16900, stack(0x000000001a5f0000,0x000000001a6f0000)]
  0x000000001810e800 JavaThread "Signal Dispatcher" daemon [_thread_blocked, id=17144, stack(0x000000001a4f0000,0x000000001a5f0000)]
  0x00000000030ab800 JavaThread "Finalizer" daemon [_thread_blocked, id=14440, stack(0x0000000019ff0000,0x000000001a0f0000)]
  0x00000000030a5000 JavaThread "Reference Handler" daemon [_thread_blocked, id=568, stack(0x0000000019ef0000,0x0000000019ff0000)]
  0x0000000002fb2800 JavaThread "main" [_thread_blocked, id=14880, stack(0x0000000002e00000,0x0000000002f00000)]

Other Threads:
  0x00000000180f9000 VMThread [stack: 0x0000000019df0000,0x0000000019ef0000] [id=16176]
  0x000000001a1bc800 WatcherThread [stack: 0x000000001abf0000,0x000000001acf0000] [id=16244]

VM state:not at safepoint (normal execution)

VM Mutex/Monitor currently owned by a thread: None

Heap:
 PSYoungGen      total 71680K, used 13349K [0x00000000d5e00000, 0x00000000dcd00000, 0x0000000100000000)
  eden space 61440K, 7% used [0x00000000d5e00000,0x00000000d62c07a8,0x00000000d9a00000)
  from space 10240K, 82% used [0x00000000d9a00000,0x00000000da248d88,0x00000000da400000)
  to   space 10752K, 0% used [0x00000000dc280000,0x00000000dc280000,0x00000000dcd00000)
 ParOldGen       total 60928K, used 8931K [0x0000000081a00000, 0x0000000085580000, 0x00000000d5e00000)
  object space 60928K, 14% used [0x0000000081a00000,0x00000000822b8c88,0x0000000085580000)
 Metaspace       used 30720K, capacity 31216K, committed 31616K, reserved 1077248K
  class space    used 4213K, capacity 4407K, committed 4480K, reserved 1048576K

Card table byte_map: [0x0000000012530000,0x0000000012930000] byte_map_base: 0x0000000012123000

Marking Bits: (ParMarkBitMap*) 0x0000000055d64040
 Begin Bits: [0x00000000133e0000, 0x0000000015378000)
 End Bits:   [0x0000000015378000, 0x0000000017310000)

Polling page: 0x0000000001610000

CodeCache: size=245760Kb used=11049Kb max_used=11049Kb free=234710Kb
 bounds [0x0000000003170000, 0x0000000003c40000, 0x0000000012170000]
 total_blobs=3731 nmethods=3077 adapters=566
 compilation: enabled

Compilation events (10 events):
Event: 4.303 Thread 0x000000001a129800 3032       3       java.util.regex.Matcher::find (35 bytes)
Event: 4.304 Thread 0x000000001a129800 nmethod 3032 0x0000000003c12b90 code [0x0000000003c12d40, 0x0000000003c132d8]
Event: 4.304 Thread 0x000000001a129800 3033       3       java.util.Formatter$FixedString::<init> (15 bytes)
Event: 4.304 Thread 0x000000001a129800 nmethod 3033 0x0000000003c13490 code [0x0000000003c135e0, 0x0000000003c137b0]
Event: 4.304 Thread 0x000000001a129800 3035       3       java.util.Formatter$FixedString::print (18 bytes)
Event: 4.304 Thread 0x000000001a129800 nmethod 3035 0x0000000003c13850 code [0x0000000003c139c0, 0x0000000003c13c08]
Event: 4.304 Thread 0x000000001a129800 3034       3       java.util.Formatter$Flags::<init> (10 bytes)
Event: 4.304 Thread 0x000000001a129800 nmethod 3034 0x0000000003c13d10 code [0x0000000003c13e60, 0x0000000003c14010]
Event: 4.304 Thread 0x000000001a129800 3036       3       org.gradle.model.internal.inspect.FormattingValidationProblemCollector::hasProblems (18 bytes)
Event: 4.305 Thread 0x000000001a129800 nmethod 3036 0x0000000003c140d0 code [0x0000000003c14240, 0x0000000003c144a8]

GC Heap History (10 events):
Event: 1.617 GC heap before
{Heap before GC invocations=3 (full 0):
 PSYoungGen      total 38400K, used 37902K [0x00000000d5e00000, 0x00000000d8880000, 0x0000000100000000)
  eden space 33280K, 98% used [0x00000000d5e00000,0x00000000d7e0a488,0x00000000d7e80000)
  from space 5120K, 99% used [0x00000000d8380000,0x00000000d88796f0,0x00000000d8880000)
  to   space 5120K, 0% used [0x00000000d7e80000,0x00000000d7e80000,0x00000000d8380000)
 ParOldGen       total 87552K, used 916K [0x0000000081a00000, 0x0000000086f80000, 0x00000000d5e00000)
  object space 87552K, 1% used [0x0000000081a00000,0x0000000081ae50e0,0x0000000086f80000)
 Metaspace       used 16765K, capacity 17002K, committed 17280K, reserved 1064960K
  class space    used 2288K, capacity 2380K, committed 2432K, reserved 1048576K
Event: 1.627 GC heap after
Heap after GC invocations=3 (full 0):
 PSYoungGen      total 38400K, used 5119K [0x00000000d5e00000, 0x00000000da900000, 0x0000000100000000)
  eden space 33280K, 0% used [0x00000000d5e00000,0x00000000d5e00000,0x00000000d7e80000)
  from space 5120K, 99% used [0x00000000d7e80000,0x00000000d837fc50,0x00000000d8380000)
  to   space 5120K, 0% used [0x00000000da400000,0x00000000da400000,0x00000000da900000)
 ParOldGen       total 87552K, used 5095K [0x0000000081a00000, 0x0000000086f80000, 0x00000000d5e00000)
  object space 87552K, 5% used [0x0000000081a00000,0x0000000081ef9d00,0x0000000086f80000)
 Metaspace       used 16765K, capacity 17002K, committed 17280K, reserved 1064960K
  class space    used 2288K, capacity 2380K, committed 2432K, reserved 1048576K
}
Event: 2.125 GC heap before
{Heap before GC invocations=4 (full 0):
 PSYoungGen      total 38400K, used 38399K [0x00000000d5e00000, 0x00000000da900000, 0x0000000100000000)
  eden space 33280K, 100% used [0x00000000d5e00000,0x00000000d7e80000,0x00000000d7e80000)
  from space 5120K, 99% used [0x00000000d7e80000,0x00000000d837fc50,0x00000000d8380000)
  to   space 5120K, 0% used [0x00000000da400000,0x00000000da400000,0x00000000da900000)
 ParOldGen       total 87552K, used 5095K [0x0000000081a00000, 0x0000000086f80000, 0x00000000d5e00000)
  object space 87552K, 5% used [0x0000000081a00000,0x0000000081ef9d00,0x0000000086f80000)
 Metaspace       used 20428K, capacity 20690K, committed 20864K, reserved 1067008K
  class space    used 2806K, capacity 2902K, committed 2944K, reserved 1048576K
Event: 2.133 GC heap after
Heap after GC invocations=4 (full 0):
 PSYoungGen      total 71680K, used 5104K [0x00000000d5e00000, 0x00000000da900000, 0x0000000100000000)
  eden space 66560K, 0% used [0x00000000d5e00000,0x00000000d5e00000,0x00000000d9f00000)
  from space 5120K, 99% used [0x00000000da400000,0x00000000da8fc060,0x00000000da900000)
  to   space 5120K, 0% used [0x00000000d9f00000,0x00000000d9f00000,0x00000000da400000)
 ParOldGen       total 87552K, used 8855K [0x0000000081a00000, 0x0000000086f80000, 0x00000000d5e00000)
  object space 87552K, 10% used [0x0000000081a00000,0x00000000822a5c70,0x0000000086f80000)
 Metaspace       used 20428K, capacity 20690K, committed 20864K, reserved 1067008K
  class space    used 2806K, capacity 2902K, committed 2944K, reserved 1048576K
}
Event: 2.218 GC heap before
{Heap before GC invocations=5 (full 0):
 PSYoungGen      total 71680K, used 10339K [0x00000000d5e00000, 0x00000000da900000, 0x0000000100000000)
  eden space 66560K, 7% used [0x00000000d5e00000,0x00000000d631ce28,0x00000000d9f00000)
  from space 5120K, 99% used [0x00000000da400000,0x00000000da8fc060,0x00000000da900000)
  to   space 5120K, 0% used [0x00000000d9f00000,0x00000000d9f00000,0x00000000da400000)
 ParOldGen       total 87552K, used 8855K [0x0000000081a00000, 0x0000000086f80000, 0x00000000d5e00000)
  object space 87552K, 10% used [0x0000000081a00000,0x00000000822a5c70,0x0000000086f80000)
 Metaspace       used 20939K, capacity 21170K, committed 21296K, reserved 1067008K
  class space    used 2863K, capacity 2934K, committed 2944K, reserved 1048576K
Event: 2.224 GC heap after
Heap after GC invocations=5 (full 0):
 PSYoungGen      total 71680K, used 5088K [0x00000000d5e00000, 0x00000000da900000, 0x0000000100000000)
  eden space 66560K, 0% used [0x00000000d5e00000,0x00000000d5e00000,0x00000000d9f00000)
  from space 5120K, 99% used [0x00000000d9f00000,0x00000000da3f8050,0x00000000da400000)
  to   space 5120K, 0% used [0x00000000da400000,0x00000000da400000,0x00000000da900000)
 ParOldGen       total 87552K, used 9498K [0x0000000081a00000, 0x0000000086f80000, 0x00000000d5e00000)
  object space 87552K, 10% used [0x0000000081a00000,0x0000000082346bf8,0x0000000086f80000)
 Metaspace       used 20939K, capacity 21170K, committed 21296K, reserved 1067008K
  class space    used 2863K, capacity 2934K, committed 2944K, reserved 1048576K
}
Event: 2.224 GC heap before
{Heap before GC invocations=6 (full 1):
 PSYoungGen      total 71680K, used 5088K [0x00000000d5e00000, 0x00000000da900000, 0x0000000100000000)
  eden space 66560K, 0% used [0x00000000d5e00000,0x00000000d5e00000,0x00000000d9f00000)
  from space 5120K, 99% used [0x00000000d9f00000,0x00000000da3f8050,0x00000000da400000)
  to   space 5120K, 0% used [0x00000000da400000,0x00000000da400000,0x00000000da900000)
 ParOldGen       total 87552K, used 9498K [0x0000000081a00000, 0x0000000086f80000, 0x00000000d5e00000)
  object space 87552K, 10% used [0x0000000081a00000,0x0000000082346bf8,0x0000000086f80000)
 Metaspace       used 20939K, capacity 21170K, committed 21296K, reserved 1067008K
  class space    used 2863K, capacity 2934K, committed 2944K, reserved 1048576K
Event: 2.269 GC heap after
Heap after GC invocations=6 (full 1):
 PSYoungGen      total 71680K, used 0K [0x00000000d5e00000, 0x00000000da900000, 0x0000000100000000)
  eden space 66560K, 0% used [0x00000000d5e00000,0x00000000d5e00000,0x00000000d9f00000)
  from space 5120K, 0% used [0x00000000d9f00000,0x00000000d9f00000,0x00000000da400000)
  to   space 5120K, 0% used [0x00000000da400000,0x00000000da400000,0x00000000da900000)
 ParOldGen       total 60928K, used 7774K [0x0000000081a00000, 0x0000000085580000, 0x00000000d5e00000)
  object space 60928K, 12% used [0x0000000081a00000,0x0000000082197960,0x0000000085580000)
 Metaspace       used 20939K, capacity 21170K, committed 21296K, reserved 1067008K
  class space    used 2863K, capacity 2934K, committed 2944K, reserved 1048576K
}
Event: 3.135 GC heap before
{Heap before GC invocations=7 (full 1):
 PSYoungGen      total 71680K, used 66560K [0x00000000d5e00000, 0x00000000da900000, 0x0000000100000000)
  eden space 66560K, 100% used [0x00000000d5e00000,0x00000000d9f00000,0x00000000d9f00000)
  from space 5120K, 0% used [0x00000000d9f00000,0x00000000d9f00000,0x00000000da400000)
  to   space 5120K, 0% used [0x00000000da400000,0x00000000da400000,0x00000000da900000)
 ParOldGen       total 60928K, used 7774K [0x0000000081a00000, 0x0000000085580000, 0x00000000d5e00000)
  object space 60928K, 12% used [0x0000000081a00000,0x0000000082197960,0x0000000085580000)
 Metaspace       used 25345K, capacity 25710K, committed 25984K, reserved 1071104K
  class space    used 3534K, capacity 3655K, committed 3712K, reserved 1048576K
Event: 3.140 GC heap after
Heap after GC invocations=7 (full 1):
 PSYoungGen      total 66560K, used 5112K [0x00000000d5e00000, 0x00000000dd500000, 0x0000000100000000)
  eden space 61440K, 0% used [0x00000000d5e00000,0x00000000d5e00000,0x00000000d9a00000)
  from space 5120K, 99% used [0x00000000da400000,0x00000000da8fe028,0x00000000da900000)
  to   space 10240K, 0% used [0x00000000d9a00000,0x00000000d9a00000,0x00000000da400000)
 ParOldGen       total 60928K, used 8859K [0x0000000081a00000, 0x0000000085580000, 0x00000000d5e00000)
  object space 60928K, 14% used [0x0000000081a00000,0x00000000822a6c78,0x0000000085580000)
 Metaspace       used 25345K, capacity 25710K, committed 25984K, reserved 1071104K
  class space    used 3534K, capacity 3655K, committed 3712K, reserved 1048576K
}

Deoptimization events (10 events):
Event: 3.705 Thread 0x0000000002fb2800 Uncommon trap: reason=bimorphic action=maybe_recompile pc=0x000000000381f4c4 method=java.lang.ClassLoader.getPackage(Ljava/lang/String;)Ljava/lang/Package; @ 47
Event: 3.705 Thread 0x0000000002fb2800 Uncommon trap: reason=bimorphic action=maybe_recompile pc=0x000000000381f4c4 method=java.lang.ClassLoader.getPackage(Ljava/lang/String;)Ljava/lang/Package; @ 47
Event: 3.705 Thread 0x0000000002fb2800 Uncommon trap: reason=bimorphic action=maybe_recompile pc=0x000000000381f4c4 method=java.lang.ClassLoader.getPackage(Ljava/lang/String;)Ljava/lang/Package; @ 47
Event: 3.957 Thread 0x0000000002fb2800 Uncommon trap: reason=bimorphic action=maybe_recompile pc=0x0000000003a06d3c method=java.security.MessageDigest$Delegate.engineUpdate([BII)V @ 7
Event: 3.958 Thread 0x0000000002fb2800 Uncommon trap: reason=bimorphic action=maybe_recompile pc=0x0000000003a06d3c method=java.security.MessageDigest$Delegate.engineUpdate([BII)V @ 7
Event: 3.958 Thread 0x0000000002fb2800 Uncommon trap: reason=bimorphic action=maybe_recompile pc=0x0000000003a0e0b0 method=sun.security.provider.DigestBase.engineUpdate([BII)V @ 128
Event: 4.201 Thread 0x0000000002fb2800 Uncommon trap: reason=unstable_if action=reinterpret pc=0x00000000034c659c method=java.util.HashMap.putVal(ILjava/lang/Object;Ljava/lang/Object;ZZ)Ljava/lang/Object; @ 162
Event: 4.201 Thread 0x0000000002fb2800 Uncommon trap: reason=unstable_if action=reinterpret pc=0x00000000038bf1f4 method=java.util.HashMap.putVal(ILjava/lang/Object;Ljava/lang/Object;ZZ)Ljava/lang/Object; @ 162
Event: 4.202 Thread 0x0000000002fb2800 Uncommon trap: reason=unstable_if action=reinterpret pc=0x00000000038b7508 method=java.util.HashMap.putVal(ILjava/lang/Object;Ljava/lang/Object;ZZ)Ljava/lang/Object; @ 162
Event: 4.202 Thread 0x0000000002fb2800 Uncommon trap: reason=unstable_if action=reinterpret pc=0x000000000348a1c4 method=java.util.HashMap.resize()[Ljava/util/HashMap$Node; @ 206

Internal exceptions (10 events):
Event: 3.694 Thread 0x0000000002fb2800 Exception <a 'java/lang/ClassNotFoundException': build_83ntec6793g8udzjtdwkrm8clBeanInfo> (0x00000000d72eacb0) thrown at [C:\re\workspace\8-2-build-windows-amd64-cygwin\jdk8u51\3951\hotspot\src\share\vm\classfile\systemDictionary.cpp, line 210]
Event: 3.695 Thread 0x0000000002fb2800 Exception <a 'java/lang/ClassNotFoundException': build_83ntec6793g8udzjtdwkrm8clCustomizer> (0x00000000d72f8ae8) thrown at [C:\re\workspace\8-2-build-windows-amd64-cygwin\jdk8u51\3951\hotspot\src\share\vm\classfile\systemDictionary.cpp, line 210]
Event: 3.699 Thread 0x0000000002fb2800 Exception <a 'java/lang/ClassNotFoundException': org/gradle/api/internal/plugins/DefaultObjectConfigurationActionBeanInfo> (0x00000000d734b4d8) thrown at [C:\re\workspace\8-2-build-windows-amd64-cygwin\jdk8u51\3951\hotspot\src\share\vm\classfile\systemDict,{†Nö@
Event: 3.700 Thread 0x0000000002fb2800 Exception <a 'java/lang/ClassNotFoundException': org/gradle/api/internal/plugins/DefaultObjectConfigurationActionCustomizer> (0x00000000d7376300) thrown at [C:\re\workspace\8-2-build-windows-amd64-cygwin\jdk8u51\3951\hotspot\src\share\vm\classfile\systemDi≥5·ëù@
Event: 3.702 Thread 0x0000000002fb2800 Exception <a 'java/lang/ClassNotFoundException': org/gradle/api/plugins/ObjectConfigurationActionBeanInfo> (0x00000000d73aecf8) thrown at [C:\re\workspace\8-2-build-windows-amd64-cygwin\jdk8u51\3951\hotspot\src\share\vm\classfile\systemDictionary.cpp, lineéÚ$±Öû@
Event: 3.702 Thread 0x0000000002fb2800 Exception <a 'java/lang/ClassNotFoundException': org/gradle/api/plugins/ObjectConfigurationActionCustomizer> (0x00000000d73d2d18) thrown at [C:\re\workspace\8-2-build-windows-amd64-cygwin\jdk8u51\3951\hotspot\src\share\vm\classfile\systemDictionary.cpp, liO¶ô‘ï0@
Event: 3.774 Thread 0x0000000002fb2800 Exception <a 'java/lang/NoSuchMethodError': java.lang.invoke.MethodHandleImpl.array(Ljava/lang/Object;Ljava/lang/Object;Ljava/lang/Object;Ljava/lang/Object;Ljava/lang/Object;Ljava/lang/Object;Ljava/lang/Object;Ljava/lang/Object;Ljava/lang/Object;Ljava/lang@Ø˝è3@
Event: 3.775 Thread 0x0000000002fb2800 Exception <a 'java/lang/NoSuchFieldError': method resolution failed> (0x00000000d7948820) thrown at [C:\re\workspace\8-2-build-windows-amd64-cygwin\jdk8u51\3951\hotspot\src\share\vm\prims\methodHandles.cpp, line 1125]
Event: 4.055 Thread 0x0000000002fb2800 Exception <a 'java/lang/ClassNotFoundException': org/gradle/api/plugins/BasePluginConventionBeanInfo> (0x00000000d8aaa168) thrown at [C:\re\workspace\8-2-build-windows-amd64-cygwin\jdk8u51\3951\hotspot\src\share\vm\classfile\systemDictionary.cpp, line 210]Üéö.9@
Event: 4.056 Thread 0x0000000002fb2800 Exception <a 'java/lang/ClassNotFoundException': org/gradle/api/plugins/BasePluginConventionCustomizer> (0x00000000d8adacc0) thrown at [C:\re\workspace\8-2-build-windows-amd64-cygwin\jdk8u51\3951\hotspot\src\share\vm\classfile\systemDictionary.cpp, line 21

Events (10 events):
Event: 4.231 loading class org/apache/tools/ant/SubBuildListener
Event: 4.231 loading class org/apache/tools/ant/SubBuildListener done
Event: 4.232 loading class org/apache/tools/ant/BuildEvent
Event: 4.232 loading class org/apache/tools/ant/BuildEvent done
Event: 4.233 loading class org/apache/tools/ant/types/FilterSet
Event: 4.233 loading class org/apache/tools/ant/types/FilterSet done
Event: 4.233 loading class org/apache/tools/ant/Executor
Event: 4.233 loading class org/apache/tools/ant/Executor done
Event: 4.266 loading class org/apache/tools/ant/RuntimeConfigurable
Event: 4.266 loading class org/apache/tools/ant/RuntimeConfigurable done


Dynamic libraries:
0x00007ff6af840000 - 0x00007ff6af877000 	C:\Program Files\Java\jdk1.8.0_51\bin\java.exe
0x00007fffd6c60000 - 0x00007fffd6e32000 	C:\WINDOWS\SYSTEM32\ntdll.dll
0x00007fffd4630000 - 0x00007fffd46dc000 	C:\WINDOWS\System32\KERNEL32.DLL
0x00007fffd3310000 - 0x00007fffd352d000 	C:\WINDOWS\System32\KERNELBASE.dll
0x00007fffd4d80000 - 0x00007fffd4e22000 	C:\WINDOWS\System32\ADVAPI32.dll
0x00007fffd4b80000 - 0x00007fffd4c1e000 	C:\WINDOWS\System32\msvcrt.dll
0x00007fffd4b20000 - 0x00007fffd4b79000 	C:\WINDOWS\System32\sechost.dll
0x00007fffd49e0000 - 0x00007fffd4b01000 	C:\WINDOWS\System32\RPCRT4.dll
0x00007fffd4e60000 - 0x00007fffd4fc5000 	C:\WINDOWS\System32\USER32.dll
0x00007fffd3cb0000 - 0x00007fffd3cce000 	C:\WINDOWS\System32\win32u.dll
0x00007fffd6a80000 - 0x00007fffd6ab4000 	C:\WINDOWS\System32\GDI32.dll
0x00007fffd3d30000 - 0x00007fffd3eb0000 	C:\WINDOWS\System32\gdi32full.dll
0x00007fffca6b0000 - 0x00007fffca92a000 	C:\WINDOWS\WinSxS\amd64_microsoft.windows.common-controls_6595b64144ccf1df_6.0.14393.953_none_42151e83c686086b\COMCTL32.dll
0x00007fffd4710000 - 0x00007fffd49d8000 	C:\WINDOWS\System32\combase.dll
0x00007fffd3eb0000 - 0x00007fffd3fa5000 	C:\WINDOWS\System32\ucrtbase.dll
0x00007fffd4180000 - 0x00007fffd41ea000 	C:\WINDOWS\System32\bcryptPrimitives.dll
0x00007fffd4e30000 - 0x00007fffd4e5e000 	C:\WINDOWS\System32\IMM32.DLL
0x0000000055df0000 - 0x0000000055ec2000 	C:\Program Files\Java\jdk1.8.0_51\jre\bin\msvcr100.dll
0x0000000055560000 - 0x0000000055de3000 	C:\Program Files\Java\jdk1.8.0_51\jre\bin\server\jvm.dll
0x00007fffd4700000 - 0x00007fffd4708000 	C:\WINDOWS\System32\PSAPI.DLL
0x00007fffc8380000 - 0x00007fffc8389000 	C:\WINDOWS\SYSTEM32\WSOCK32.dll
0x00007fffcb950000 - 0x00007fffcb95a000 	C:\WINDOWS\SYSTEM32\VERSION.dll
0x00007fffd1630000 - 0x00007fffd1653000 	C:\WINDOWS\SYSTEM32\WINMM.dll
0x00007fffd4470000 - 0x00007fffd44da000 	C:\WINDOWS\System32\WS2_32.dll
0x0000000001640000 - 0x000000000166b000 	C:\WINDOWS\SYSTEM32\WINMMBASE.dll
0x00007fffd3210000 - 0x00007fffd3252000 	C:\WINDOWS\System32\cfgmgr32.dll
0x00000000567b0000 - 0x00000000567bf000 	C:\Program Files\Java\jdk1.8.0_51\jre\bin\verify.dll
0x0000000056780000 - 0x00000000567a9000 	C:\Program Files\Java\jdk1.8.0_51\jre\bin\java.dll
0x0000000056760000 - 0x0000000056776000 	C:\Program Files\Java\jdk1.8.0_51\jre\bin\zip.dll
0x00007fffd50d0000 - 0x00007fffd65d8000 	C:\WINDOWS\System32\SHELL32.dll
0x00007fffd35d0000 - 0x00007fffd3ca8000 	C:\WINDOWS\System32\windows.storage.dll
0x00007fffd3110000 - 0x00007fffd315c000 	C:\WINDOWS\System32\powrprof.dll
0x00007fffd4fd0000 - 0x00007fffd5022000 	C:\WINDOWS\System32\shlwapi.dll
0x00007fffd30f0000 - 0x00007fffd30ff000 	C:\WINDOWS\System32\kernel.appcore.dll
0x00007fffd3160000 - 0x00007fffd3209000 	C:\WINDOWS\System32\shcore.dll
0x00007fffd30d0000 - 0x00007fffd30e4000 	C:\WINDOWS\System32\profapi.dll
0x0000000056740000 - 0x000000005675a000 	C:\Program Files\Java\jdk1.8.0_51\jre\bin\net.dll
0x00007fffd29a0000 - 0x00007fffd29fc000 	C:\WINDOWS\system32\mswsock.dll
0x0000000056720000 - 0x0000000056731000 	C:\Program Files\Java\jdk1.8.0_51\jre\bin\nio.dll
0x00007fffc0580000 - 0x00007fffc0592000 	C:\Users\Aishwarya\.gradle\native\19\windows-amd64\native-platform.dll
0x00007fffd2b40000 - 0x00007fffd2b57000 	C:\WINDOWS\SYSTEM32\CRYPTSP.dll
0x00007fffd25a0000 - 0x00007fffd25d3000 	C:\WINDOWS\system32\rsaenh.dll
0x00007fffd3010000 - 0x00007fffd303b000 	C:\WINDOWS\SYSTEM32\bcrypt.dll
0x00007fffd2820000 - 0x00007fffd283f000 	C:\WINDOWS\SYSTEM32\USERENV.dll
0x00007fffd3000000 - 0x00007fffd300b000 	C:\WINDOWS\SYSTEM32\CRYPTBASE.dll
0x00007fffd2720000 - 0x00007fffd2758000 	C:\WINDOWS\SYSTEM32\IPHLPAPI.DLL
0x00007fffd44e0000 - 0x00007fffd44e8000 	C:\WINDOWS\System32\NSI.dll
0x00007fffcf6f0000 - 0x00007fffcf706000 	C:\WINDOWS\SYSTEM32\dhcpcsvc6.DLL
0x00007fffcf7c0000 - 0x00007fffcf7da000 	C:\WINDOWS\SYSTEM32\dhcpcsvc.DLL
0x0000000056710000 - 0x000000005671d000 	C:\Program Files\Java\jdk1.8.0_51\jre\bin\management.dll
0x00007fffcb260000 - 0x00007fffcb3f2000 	C:\WINDOWS\SYSTEM32\dbghelp.dll

VM Arguments:
jvm_args: -Dorg.gradle.appname=gradlew 
java_command: org.gradle.wrapper.GradleWrapperMain installDebug
java_class_path (initial): C:\Users\Aishwarya\Desktop\sample\android\\gradle\wrapper\gradle-wrapper.jar
Launcher Type: SUN_STANDARD

Environment Variables:
JAVA_HOME=C:\Program Files\Java\jdk1.8.0_51
CLASSPATH=C:\Users\Aishwarya\Desktop\sample\android\\gradle\wrapper\gradle-wrapper.jar
PATH=C:\Users\Aishwarya\bin;C:\Program Files\Git\mingw64\bin;C:\Program Files\Git\usr\local\bin;C:\Program Files\Git\usr\bin;C:\Program Files\Git\usr\bin;C:\Program Files\Git\mingw64\bin;C:\Program Files\Git\usr\bin;C:\Users\Aishwarya\bin;C:\ProgramData\Oracle\Java\javapath;C:\Program Files (x86)\Common Files\Intel\Shared Files\cpp\bin\Intel64;C:\Program Files (x86)\Intel\iCLS Client;C:\Program Files\Intel\iCLS Client;C:\Windows\system32;C:\Windows;C:\Windows\System32\Wbem;C:\Windows\System32\WindowsPowerShell\v1.0;C:\Program Files\Intel\Intel(R) Management Engine Components\DAL;C:\Program Files\Intel\Intel(R) Management Engine Components\IPT;C:\Program Files (x86)\Intel\Intel(R) Management Engine Components\DAL;C:\Program Files (x86)\Intel\Intel(R) Management Engine Components\IPT;C:\Program Files (x86)\NVIDIA Corporation\PhysX\Common;C:\Program Files (x86)\Common Files\lenovo\easyplussdk\bin;C:\WINDOWS\system32;C:\WINDOWS;C:\WINDOWS\System32\Wbem;C:\WINDOWS\System32\WindowsPowerShell\v1.0;C:\Program Files\MySQL\MySQL Server 5.7\bin;C:\Program Files\Git\cmd;C:\Program Files\nodejs;C:\Users\Aishwarya\AppData\Local\Programs\Python\Python36\Scripts;C:\Users\Aishwarya\AppData\Local\Programs\Python\Python36;C:\Users\Aishwarya\AppData\Local\Microsoft\WindowsApps;C:\Users\Aishwarya\AppData\Local\GitHubDesktop\bin;C:\Users\Aishwarya\AppData\Roaming\npm;C:\Program Files\Git\usr\bin\vendor_perl;C:\Program Files\Git\usr\bin\core_perl
USERNAME=Aishwarya
SHELL=C:\Program Files\Git\usr\bin\bash.exe
DISPLAY=needs-to-be-defined
OS=Windows_NT
PROCESSOR_IDENTIFIER=Intel64 Family 6 Model 60 Stepping 3, GenuineIntel



---------------  S Y S T E M  ---------------

OS: Windows 10.0 , 64 bit Build 14393 (10.0.14393.1198)

CPU:total 8 (4 cores per cpu, 2 threads per core) family 6 model 60 stepping 3, cmov, cx8, fxsr, mmx, sse, sse2, sse3, ssse3, sse4.1, sse4.2, popcnt, avx, avx2, aes, clmul, erms, lzcnt, ht, tsc, tscinvbit, bmi1, bmi2

Memory: 4k page, physical 8274988k(1077068k free), swap 13794228k(10520k free)

vm_info: Java HotSpot(TM) 64-Bit Server VM (25.51-b03) for windows-amd64 JRE (1.8.0_51-b16), built on Jun  8 2015 18:03:07 by "java_re" with MS VC++ 10.0 (VS2010)

time: Mon Oct 16 19:03:12 2017
elapsed time: 4 seconds (0d 0h 0m 4s)

