#
# There is insufficient memory for the Java Runtime Environment to continue.
# Native memory allocation (malloc) failed to allocate 32744 bytes for ChunkPool::allocate
# Possible reasons:
#   The system is out of physical RAM or swap space
#   In 32 bit mode, the process size limit was hit
# Possible solutions:
#   Reduce memory load on the system
#   Increase physical memory or swap space
#   Check if swap backing store is full
#   Use 64 bit Java on a 64 bit OS
#   Decrease Java heap size (-Xmx/-Xms)
#   Decrease number of Java threads
#   Decrease Java thread stack sizes (-Xss)
#   Set larger code cache with -XX:ReservedCodeCacheSize=
# This output file may be truncated or incomplete.
#
#  Out of Memory Error (allocation.cpp:273), pid=15244, tid=16248
#
# JRE version: Java(TM) SE Runtime Environment (8.0_51-b16) (build 1.8.0_51-b16)
# Java VM: Java HotSpot(TM) 64-Bit Server VM (25.51-b03 mixed mode windows-amd64 compressed oops)
# Failed to write core dump. Minidumps are not enabled by default on client versions of Windows
#

---------------  T H R E A D  ---------------

Current thread (0x0000000019e8c800):  JavaThread "C2 CompilerThread0" daemon [_thread_in_native, id=16248, stack(0x000000001a450000,0x000000001a550000)]

Stack: [0x000000001a450000,0x000000001a550000]
Native frames: (J=compiled Java code, j=interpreted, Vv=VM code, C=native code)
V  [jvm.dll+0x32b4ca]
V  [jvm.dll+0x2797e3]
V  [jvm.dll+0x27a479]
V  [jvm.dll+0x271765]
V  [jvm.dll+0xcb824]
V  [jvm.dll+0xcba47]
V  [jvm.dll+0xcbecc]
V  [jvm.dll+0x4976d0]
V  [jvm.dll+0x49775f]
V  [jvm.dll+0x45c285]
V  [jvm.dll+0x4af91d]
V  [jvm.dll+0x4b00ce]
V  [jvm.dll+0x45f692]
V  [jvm.dll+0x46a7cb]
V  [jvm.dll+0x46cde2]
V  [jvm.dll+0x4501a2]
V  [jvm.dll+0xa43a2]
V  [jvm.dll+0xa4cdf]
V  [jvm.dll+0x2418a4]
V  [jvm.dll+0x29846a]
C  [msvcr100.dll+0x21d9f]
C  [msvcr100.dll+0x21e3b]
C  [KERNEL32.DLL+0x8364]
C  [ntdll.dll+0x67091]


Current CompileTask:
C2:  25817 3476       4       com.sun.beans.TypeResolver::resolve (37 bytes)


---------------  P R O C E S S  ---------------

Java Threads: ( => current thread )
  0x000000001f109800 JavaThread "File lock request listener" [_thread_in_native, id=16456, stack(0x000000001b250000,0x000000001b350000)]
  0x0000000019f25000 JavaThread "Service Thread" daemon [_thread_blocked, id=17208, stack(0x000000001a850000,0x000000001a950000)]
  0x0000000019e81800 JavaThread "C1 CompilerThread3" daemon [_thread_blocked, id=15896, stack(0x000000001a750000,0x000000001a850000)]
  0x0000000019e7a800 JavaThread "C2 CompilerThread2" daemon [_thread_in_native, id=16052, stack(0x000000001a650000,0x000000001a750000)]
  0x0000000019e8e800 JavaThread "C2 CompilerThread1" daemon [_thread_in_native, id=15696, stack(0x000000001a550000,0x000000001a650000)]
=>0x0000000019e8c800 JavaThread "C2 CompilerThread0" daemon [_thread_in_native, id=16248, stack(0x000000001a450000,0x000000001a550000)]
  0x0000000019e87800 JavaThread "Attach Listener" daemon [_thread_blocked, id=17348, stack(0x000000001a350000,0x000000001a450000)]
  0x0000000017e7e800 JavaThread "Signal Dispatcher" daemon [_thread_blocked, id=15076, stack(0x000000001a250000,0x000000001a350000)]
  0x0000000002edc800 JavaThread "Finalizer" daemon [_thread_blocked, id=15840, stack(0x0000000019d50000,0x0000000019e50000)]
  0x0000000002ed6000 JavaThread "Reference Handler" daemon [_thread_blocked, id=4192, stack(0x0000000019c50000,0x0000000019d50000)]
  0x0000000002de2800 JavaThread "main" [_thread_in_native, id=14512, stack(0x0000000002ce0000,0x0000000002de0000)]

Other Threads:
  0x0000000017e69800 VMThread [stack: 0x0000000019b50000,0x0000000019c50000] [id=15752]
  0x0000000019f27000 WatcherThread [stack: 0x000000001a950000,0x000000001aa50000] [id=2072]

VM state:not at safepoint (normal execution)

VM Mutex/Monitor currently owned by a thread: None

Heap:
 PSYoungGen      total 86528K, used 3729K [0x00000000d5e00000, 0x00000000dd980000, 0x0000000100000000)
  eden space 75264K, 4% used [0x00000000d5e00000,0x00000000d61a44b8,0x00000000da780000)
  from space 11264K, 0% used [0x00000000da780000,0x00000000da780000,0x00000000db280000)
  to   space 13824K, 0% used [0x00000000dcc00000,0x00000000dcc00000,0x00000000dd980000)
 ParOldGen       total 101888K, used 21621K [0x0000000081a00000, 0x0000000087d80000, 0x00000000d5e00000)
  object space 101888K, 21% used [0x0000000081a00000,0x0000000082f1d508,0x0000000087d80000)
 Metaspace       used 35097K, capacity 35710K, committed 36096K, reserved 1081344K
  class space    used 4835K, capacity 5088K, committed 5120K, reserved 1048576K

Card table byte_map: [0x00000000122a0000,0x00000000126a0000] byte_map_base: 0x0000000011e93000

Marking Bits: (ParMarkBitMap*) 0x0000000055d64040
 Begin Bits: [0x0000000013150000, 0x00000000150e8000)
 End Bits:   [0x00000000150e8000, 0x0000000017080000)

Polling page: 0x0000000000f10000

CodeCache: size=245760Kb used=12922Kb max_used=12944Kb free=232837Kb
 bounds [0x0000000002ee0000, 0x0000000003b90000, 0x0000000011ee0000]
 total_blobs=4062 nmethods=3396 adapters=578
 compilation: enabled

Compilation events (10 events):
Event: 25.245 Thread 0x0000000019e81800 3541       3       jdk.internal.org.objectweb.asm.Frame::pop (45 bytes)
Event: 25.245 Thread 0x0000000019e81800 nmethod 3541 0x0000000003b76d10 code [0x0000000003b76e60, 0x0000000003b77030]
Event: 25.245 Thread 0x0000000019e81800 3542       3       java.util.Collections$UnmodifiableCollection::iterator (9 bytes)
Event: 25.245 Thread 0x0000000019e81800 nmethod 3542 0x0000000003b766d0 code [0x0000000003b76840, 0x0000000003b76ba8]
Event: 25.245 Thread 0x0000000019e81800 3543       3       java.util.Collections$UnmodifiableCollection$1::<init> (26 bytes)
Event: 25.246 Thread 0x0000000019e81800 nmethod 3543 0x0000000003b78a90 code [0x0000000003b78c00, 0x0000000003b78ec8]
Event: 25.246 Thread 0x0000000019e81800 3544       3       java.lang.invoke.MethodType::methodType (7 bytes)
Event: 25.246 Thread 0x0000000019e81800 nmethod 3544 0x0000000003b76350 code [0x0000000003b764c0, 0x0000000003b76628]
Event: 25.277 Thread 0x0000000019e81800 3545       3       sun.nio.fs.WindowsPathParser::isInvalidPathChar (22 bytes)
Event: 25.278 Thread 0x0000000019e81800 nmethod 3545 0x0000000003b78250 code [0x0000000003b783c0, 0x0000000003b78748]

GC Heap History (10 events):
Event: 17.067 GC heap before
{Heap before GC invocations=7 (full 1):
 PSYoungGen      total 38400K, used 33280K [0x00000000d5e00000, 0x00000000db400000, 0x0000000100000000)
  eden space 33280K, 100% used [0x00000000d5e00000,0x00000000d7e80000,0x00000000d7e80000)
  from space 5120K, 0% used [0x00000000d7e80000,0x00000000d7e80000,0x00000000d8380000)
  to   space 10752K, 0% used [0x00000000da980000,0x00000000da980000,0x00000000db400000)
 ParOldGen       total 61440K, used 7769K [0x0000000081a00000, 0x0000000085600000, 0x00000000d5e00000)
  object space 61440K, 12% used [0x0000000081a00000,0x00000000821965a8,0x0000000085600000)
 Metaspace       used 23326K, capacity 23626K, committed 23936K, reserved 1069056K
  class space    used 3289K, capacity 3387K, committed 3456K, reserved 1048576K
Event: 17.071 GC heap after
Heap after GC invocations=7 (full 1):
 PSYoungGen      total 54784K, used 3446K [0x00000000d5e00000, 0x00000000dad00000, 0x0000000100000000)
  eden space 51200K, 0% used [0x00000000d5e00000,0x00000000d5e00000,0x00000000d9000000)
  from space 3584K, 96% used [0x00000000da980000,0x00000000dacdd890,0x00000000dad00000)
  to   space 11264K, 0% used [0x00000000d9700000,0x00000000d9700000,0x00000000da200000)
 ParOldGen       total 61440K, used 7777K [0x0000000081a00000, 0x0000000085600000, 0x00000000d5e00000)
  object space 61440K, 12% used [0x0000000081a00000,0x00000000821985a8,0x0000000085600000)
 Metaspace       used 23326K, capacity 23626K, committed 23936K, reserved 1069056K
  class space    used 3289K, capacity 3387K, committed 3456K, reserved 1048576K
}
Event: 22.607 GC heap before
{Heap before GC invocations=8 (full 1):
 PSYoungGen      total 54784K, used 54646K [0x00000000d5e00000, 0x00000000dad00000, 0x0000000100000000)
  eden space 51200K, 100% used [0x00000000d5e00000,0x00000000d9000000,0x00000000d9000000)
  from space 3584K, 96% used [0x00000000da980000,0x00000000dacdd890,0x00000000dad00000)
  to   space 11264K, 0% used [0x00000000d9700000,0x00000000d9700000,0x00000000da200000)
 ParOldGen       total 61440K, used 7777K [0x0000000081a00000, 0x0000000085600000, 0x00000000d5e00000)
  object space 61440K, 12% used [0x0000000081a00000,0x00000000821985a8,0x0000000085600000)
 Metaspace       used 25794K, capacity 26218K, committed 26496K, reserved 1073152K
  class space    used 3581K, capacity 3694K, committed 3712K, reserved 1048576K
Event: 22.616 GC heap after
Heap after GC invocations=8 (full 1):
 PSYoungGen      total 69632K, used 5165K [0x00000000d5e00000, 0x00000000dbd00000, 0x0000000100000000)
  eden space 58368K, 0% used [0x00000000d5e00000,0x00000000d5e00000,0x00000000d9700000)
  from space 11264K, 45% used [0x00000000d9700000,0x00000000d9c0b668,0x00000000da200000)
  to   space 10752K, 0% used [0x00000000db280000,0x00000000db280000,0x00000000dbd00000)
 ParOldGen       total 61440K, used 7849K [0x0000000081a00000, 0x0000000085600000, 0x00000000d5e00000)
  object space 61440K, 12% used [0x0000000081a00000,0x00000000821aa5b8,0x0000000085600000)
 Metaspace       used 25794K, capacity 26218K, committed 26496K, reserved 1073152K
  class space    used 3581K, capacity 3694K, committed 3712K, reserved 1048576K
}
Event: 23.730 GC heap before
{Heap before GC invocations=9 (full 1):
 PSYoungGen      total 69632K, used 63533K [0x00000000d5e00000, 0x00000000dbd00000, 0x0000000100000000)
  eden space 58368K, 100% used [0x00000000d5e00000,0x00000000d9700000,0x00000000d9700000)
  from space 11264K, 45% used [0x00000000d9700000,0x00000000d9c0b668,0x00000000da200000)
  to   space 10752K, 0% used [0x00000000db280000,0x00000000db280000,0x00000000dbd00000)
 ParOldGen       total 61440K, used 7849K [0x0000000081a00000, 0x0000000085600000, 0x00000000d5e00000)
  object space 61440K, 12% used [0x0000000081a00000,0x00000000821aa5b8,0x0000000085600000)
 Metaspace       used 30799K, capacity 31280K, committed 31616K, reserved 1077248K
  class space    used 4220K, capacity 4407K, committed 4480K, reserved 1048576K
Event: 23.742 GC heap after
Heap after GC invocations=9 (full 1):
 PSYoungGen      total 86016K, used 8740K [0x00000000d5e00000, 0x00000000dca00000, 0x0000000100000000)
  eden space 75264K, 0% used [0x00000000d5e00000,0x00000000d5e00000,0x00000000da780000)
  from space 10752K, 81% used [0x00000000db280000,0x00000000dbb09008,0x00000000dbd00000)
  to   space 11264K, 0% used [0x00000000da780000,0x00000000da780000,0x00000000db280000)
 ParOldGen       total 61440K, used 7857K [0x0000000081a00000, 0x0000000085600000, 0x00000000d5e00000)
  object space 61440K, 12% used [0x0000000081a00000,0x00000000821ac5b8,0x0000000085600000)
 Metaspace       used 30799K, capacity 31280K, committed 31616K, reserved 1077248K
  class space    used 4220K, capacity 4407K, committed 4480K, reserved 1048576K
}
Event: 25.105 GC heap before
{Heap before GC invocations=10 (full 1):
 PSYoungGen      total 86016K, used 78900K [0x00000000d5e00000, 0x00000000dca00000, 0x0000000100000000)
  eden space 75264K, 93% used [0x00000000d5e00000,0x00000000da2841a0,0x00000000da780000)
  from space 10752K, 81% used [0x00000000db280000,0x00000000dbb09008,0x00000000dbd00000)
  to   space 11264K, 0% used [0x00000000da780000,0x00000000da780000,0x00000000db280000)
 ParOldGen       total 61440K, used 7857K [0x0000000081a00000, 0x0000000085600000, 0x00000000d5e00000)
  object space 61440K, 12% used [0x0000000081a00000,0x00000000821ac5b8,0x0000000085600000)
 Metaspace       used 34616K, capacity 35210K, committed 35456K, reserved 1079296K
  class space    used 4753K, capacity 4986K, committed 4992K, reserved 1048576K
Event: 25.117 GC heap after
Heap after GC invocations=10 (full 1):
 PSYoungGen      total 86528K, used 11263K [0x00000000d5e00000, 0x00000000dd980000, 0x0000000100000000)
  eden space 75264K, 0% used [0x00000000d5e00000,0x00000000d5e00000,0x00000000da780000)
  from space 11264K, 99% used [0x00000000da780000,0x00000000db27fe08,0x00000000db280000)
  to   space 13824K, 0% used [0x00000000dcc00000,0x00000000dcc00000,0x00000000dd980000)
 ParOldGen       total 61440K, used 11065K [0x0000000081a00000, 0x0000000085600000, 0x00000000d5e00000)
  object space 61440K, 18% used [0x0000000081a00000,0x00000000824ce6f0,0x0000000085600000)
 Metaspace       used 34616K, capacity 35210K, committed 35456K, reserved 1079296K
  class space    used 4753K, capacity 4986K, committed 4992K, reserved 1048576K
}
Event: 25.117 GC heap before
{Heap before GC invocations=11 (full 2):
 PSYoungGen      total 86528K, used 11263K [0x00000000d5e00000, 0x00000000dd980000, 0x0000000100000000)
  eden space 75264K, 0% used [0x00000000d5e00000,0x00000000d5e00000,0x00000000da780000)
  from space 11264K, 99% used [0x00000000da780000,0x00000000db27fe08,0x00000000db280000)
  to   space 13824K, 0% used [0x00000000dcc00000,0x00000000dcc00000,0x00000000dd980000)
 ParOldGen       total 61440K, used 11065K [0x0000000081a00000, 0x0000000085600000, 0x00000000d5e00000)
  object space 61440K, 18% used [0x0000000081a00000,0x00000000824ce6f0,0x0000000085600000)
 Metaspace       used 34616K, capacity 35210K, committed 35456K, reserved 1079296K
  class space    used 4753K, capacity 4986K, committed 4992K, reserved 1048576K
Event: 25.225 GC heap after
Heap after GC invocations=11 (full 2):
 PSYoungGen      total 86528K, used 0K [0x00000000d5e00000, 0x00000000dd980000, 0x0000000100000000)
  eden space 75264K, 0% used [0x00000000d5e00000,0x00000000d5e00000,0x00000000da780000)
  from space 11264K, 0% used [0x00000000da780000,0x00000000da780000,0x00000000db280000)
  to   space 13824K, 0% used [0x00000000dcc00000,0x00000000dcc00000,0x00000000dd980000)
 ParOldGen       total 101888K, used 21621K [0x0000000081a00000, 0x0000000087d80000, 0x00000000d5e00000)
  object space 101888K, 21% used [0x0000000081a00000,0x0000000082f1d508,0x0000000087d80000)
 Metaspace       used 34616K, capacity 35210K, committed 35456K, reserved 1079296K
  class space    used 4753K, capacity 4986K, committed 4992K, reserved 1048576K
}

Deoptimization events (10 events):
Event: 23.630 Thread 0x0000000002de2800 Uncommon trap: reason=unstable_if action=reinterpret pc=0x000000000394c84c method=java.lang.reflect.Modifier.toString(I)Ljava/lang/String; @ 123
Event: 23.630 Thread 0x0000000002de2800 Uncommon trap: reason=unstable_if action=reinterpret pc=0x0000000003929748 method=java.lang.reflect.Modifier.toString(I)Ljava/lang/String; @ 123
Event: 23.985 Thread 0x0000000002de2800 Uncommon trap: reason=bimorphic action=maybe_recompile pc=0x0000000003686748 method=java.util.regex.Pattern$Start.match(Ljava/util/regex/Matcher;ILjava/lang/CharSequence;)Z @ 44
Event: 23.996 Thread 0x0000000002de2800 Uncommon trap: reason=bimorphic action=maybe_recompile pc=0x0000000003686748 method=java.util.regex.Pattern$Start.match(Ljava/util/regex/Matcher;ILjava/lang/CharSequence;)Z @ 44
Event: 23.997 Thread 0x0000000002de2800 Uncommon trap: reason=bimorphic action=maybe_recompile pc=0x0000000003686748 method=java.util.regex.Pattern$Start.match(Ljava/util/regex/Matcher;ILjava/lang/CharSequence;)Z @ 44
Event: 23.999 Thread 0x0000000002de2800 Uncommon trap: reason=bimorphic action=maybe_recompile pc=0x0000000003686748 method=java.util.regex.Pattern$Start.match(Ljava/util/regex/Matcher;ILjava/lang/CharSequence;)Z @ 44
Event: 24.132 Thread 0x0000000002de2800 Uncommon trap: reason=unstable_if action=reinterpret pc=0x00000000036efa64 method=java.lang.ThreadLocal.get()Ljava/lang/Object; @ 11
Event: 24.315 Thread 0x0000000002de2800 Uncommon trap: reason=unstable_if action=reinterpret pc=0x000000000330683c method=java.lang.CharacterDataLatin1.isWhitespace(I)Z @ 14
Event: 24.466 Thread 0x0000000002de2800 Uncommon trap: reason=unstable_if action=reinterpret pc=0x000000000354422c method=java.security.CodeSource.getCertificates()[Ljava/security/cert/Certificate; @ 22
Event: 24.476 Thread 0x0000000002de2800 Uncommon trap: reason=unstable_if action=reinterpret pc=0x00000000036f33fc method=java.util.LinkedHashMap.get(Ljava/lang/Object;)Ljava/lang/Object; @ 20

Internal exceptions (10 events):
Event: 24.921 Thread 0x0000000002de2800 Exception <a 'java/lang/ClassNotFoundException': org/gradle/api/tasks/Copy_DecoratedCustomizer> (0x00000000d9bd99a0) thrown at [C:\re\workspace\8-2-build-windows-amd64-cygwin\jdk8u51\3951\hotspot\src\share\vm\classfile\systemDictionary.cpp, line 210]
Event: 24.927 Thread 0x0000000002de2800 Exception <a 'java/lang/ClassNotFoundException': org/gradle/api/internal/artifacts/configurations/DefaultConfigurationContainer_DecoratedBeanInfo> (0x00000000d9cc82f8) thrown at [C:\re\workspace\8-2-build-windows-amd64-cygwin\jdk8u51\3951\hotspot\src\shareÔB‘lí8@
Event: 24.927 Thread 0x0000000002de2800 Exception <a 'java/lang/ClassNotFoundException': org/gradle/api/internal/artifacts/configurations/DefaultConfigurationContainerBeanInfo> (0x00000000d9d0e0a8) thrown at [C:\re\workspace\8-2-build-windows-amd64-cygwin\jdk8u51\3951\hotspot\src\share\vm\classf™&Œ?Ÿí8@
Event: 24.928 Thread 0x0000000002de2800 Exception <a 'java/lang/ClassNotFoundException': org/gradle/api/internal/artifacts/configurations/DefaultConfigurationContainerCustomizer> (0x00000000d9d55978) thrown at [C:\re\workspace\8-2-build-windows-amd64-cygwin\jdk8u51\3951\hotspot\src\share\vm\clasÀ…‰˜ôí8@
Event: 24.930 Thread 0x0000000002de2800 Exception <a 'java/lang/ClassNotFoundException': org/gradle/api/internal/artifacts/configurations/DefaultConfigurationContainer_DecoratedCustomizer> (0x00000000d9dbb5e8) thrown at [C:\re\workspace\8-2-build-windows-amd64-cygwin\jdk8u51\3951\hotspot\src\sha6Ô°ú8@
Event: 24.979 Thread 0x0000000002de2800 Exception <a 'sun/nio/fs/WindowsException'> (0x00000000d9e57ac8) thrown at [C:\re\workspace\8-2-build-windows-amd64-cygwin\jdk8u51\3951\hotspot\src\share\vm\prims\jni.cpp, line 709]
Event: 25.277 Thread 0x0000000002de2800 Exception <a 'sun/nio/fs/WindowsException'> (0x00000000d6064668) thrown at [C:\re\workspace\8-2-build-windows-amd64-cygwin\jdk8u51\3951\hotspot\src\share\vm\prims\jni.cpp, line 709]
Event: 25.277 Thread 0x0000000002de2800 Exception <a 'sun/nio/fs/WindowsException'> (0x00000000d6064e88) thrown at [C:\re\workspace\8-2-build-windows-amd64-cygwin\jdk8u51\3951\hotspot\src\share\vm\prims\jni.cpp, line 709]
Event: 25.277 Thread 0x0000000002de2800 Exception <a 'sun/nio/fs/WindowsException'> (0x00000000d60661f0) thrown at [C:\re\workspace\8-2-build-windows-amd64-cygwin\jdk8u51\3951\hotspot\src\share\vm\prims\jni.cpp, line 709]
Event: 25.277 Thread 0x0000000002de2800 Exception <a 'sun/nio/fs/WindowsException'> (0x00000000d6066a48) thrown at [C:\re\workspace\8-2-build-windows-amd64-cygwin\jdk8u51\3951\hotspot\src\share\vm\prims\jni.cpp, line 709]

Events (10 events):
Event: 25.336 loading class java/util/Spliterator$OfLong
Event: 25.336 loading class java/util/Spliterator$OfLong done
Event: 25.336 loading class java/util/Spliterators$EmptySpliterator$OfLong done
Event: 25.336 loading class java/util/Spliterators$EmptySpliterator$OfDouble
Event: 25.344 loading class java/util/Spliterator$OfDouble
Event: 25.344 loading class java/util/Spliterator$OfDouble done
Event: 25.344 loading class java/util/Spliterators$EmptySpliterator$OfDouble done
Event: 25.344 loading class java/util/Spliterators$IteratorSpliterator
Event: 25.349 loading class java/util/Spliterators$IteratorSpliterator done
Event: 25.349 loading class java/util/stream/StreamSupport


Dynamic libraries:
0x00007ff6af840000 - 0x00007ff6af877000 	C:\Program Files\Java\jdk1.8.0_51\bin\java.exe
0x00007fffd6c60000 - 0x00007fffd6e32000 	C:\WINDOWS\SYSTEM32\ntdll.dll
0x00007fffd4630000 - 0x00007fffd46dc000 	C:\WINDOWS\System32\KERNEL32.DLL
0x00007fffd3310000 - 0x00007fffd352d000 	C:\WINDOWS\System32\KERNELBASE.dll
0x00007fffd4d80000 - 0x00007fffd4e22000 	C:\WINDOWS\System32\ADVAPI32.dll
0x00007fffd4b80000 - 0x00007fffd4c1e000 	C:\WINDOWS\System32\msvcrt.dll
0x00007fffd4b20000 - 0x00007fffd4b79000 	C:\WINDOWS\System32\sechost.dll
0x00007fffd49e0000 - 0x00007fffd4b01000 	C:\WINDOWS\System32\RPCRT4.dll
0x00007fffd4e60000 - 0x00007fffd4fc5000 	C:\WINDOWS\System32\USER32.dll
0x00007fffd3cb0000 - 0x00007fffd3cce000 	C:\WINDOWS\System32\win32u.dll
0x00007fffd6a80000 - 0x00007fffd6ab4000 	C:\WINDOWS\System32\GDI32.dll
0x00007fffd3d30000 - 0x00007fffd3eb0000 	C:\WINDOWS\System32\gdi32full.dll
0x00007fffca6b0000 - 0x00007fffca92a000 	C:\WINDOWS\WinSxS\amd64_microsoft.windows.common-controls_6595b64144ccf1df_6.0.14393.953_none_42151e83c686086b\COMCTL32.dll
0x00007fffd4710000 - 0x00007fffd49d8000 	C:\WINDOWS\System32\combase.dll
0x00007fffd3eb0000 - 0x00007fffd3fa5000 	C:\WINDOWS\System32\ucrtbase.dll
0x00007fffd4180000 - 0x00007fffd41ea000 	C:\WINDOWS\System32\bcryptPrimitives.dll
0x00007fffd4e30000 - 0x00007fffd4e5e000 	C:\WINDOWS\System32\IMM32.DLL
0x0000000055df0000 - 0x0000000055ec2000 	C:\Program Files\Java\jdk1.8.0_51\jre\bin\msvcr100.dll
0x0000000055560000 - 0x0000000055de3000 	C:\Program Files\Java\jdk1.8.0_51\jre\bin\server\jvm.dll
0x00007fffd4700000 - 0x00007fffd4708000 	C:\WINDOWS\System32\PSAPI.DLL
0x00007fffd1630000 - 0x00007fffd1653000 	C:\WINDOWS\SYSTEM32\WINMM.dll
0x00007fffc8380000 - 0x00007fffc8389000 	C:\WINDOWS\SYSTEM32\WSOCK32.dll
0x00007fffcb950000 - 0x00007fffcb95a000 	C:\WINDOWS\SYSTEM32\VERSION.dll
0x00007fffd4470000 - 0x00007fffd44da000 	C:\WINDOWS\System32\WS2_32.dll
0x00007fffd1600000 - 0x00007fffd162b000 	C:\WINDOWS\SYSTEM32\WINMMBASE.dll
0x00007fffd3210000 - 0x00007fffd3252000 	C:\WINDOWS\System32\cfgmgr32.dll
0x00000000567b0000 - 0x00000000567bf000 	C:\Program Files\Java\jdk1.8.0_51\jre\bin\verify.dll
0x0000000056780000 - 0x00000000567a9000 	C:\Program Files\Java\jdk1.8.0_51\jre\bin\java.dll
0x0000000056760000 - 0x0000000056776000 	C:\Program Files\Java\jdk1.8.0_51\jre\bin\zip.dll
0x00007fffd50d0000 - 0x00007fffd65d8000 	C:\WINDOWS\System32\SHELL32.dll
0x00007fffd35d0000 - 0x00007fffd3ca8000 	C:\WINDOWS\System32\windows.storage.dll
0x00007fffd3110000 - 0x00007fffd315c000 	C:\WINDOWS\System32\powrprof.dll
0x00007fffd4fd0000 - 0x00007fffd5022000 	C:\WINDOWS\System32\shlwapi.dll
0x00007fffd30f0000 - 0x00007fffd30ff000 	C:\WINDOWS\System32\kernel.appcore.dll
0x00007fffd3160000 - 0x00007fffd3209000 	C:\WINDOWS\System32\shcore.dll
0x00007fffd30d0000 - 0x00007fffd30e4000 	C:\WINDOWS\System32\profapi.dll
0x0000000056740000 - 0x000000005675a000 	C:\Program Files\Java\jdk1.8.0_51\jre\bin\net.dll
0x00007fffd29a0000 - 0x00007fffd29fc000 	C:\WINDOWS\system32\mswsock.dll
0x0000000056720000 - 0x0000000056731000 	C:\Program Files\Java\jdk1.8.0_51\jre\bin\nio.dll
0x00007fffc0580000 - 0x00007fffc0592000 	C:\Users\Aishwarya\.gradle\native\19\windows-amd64\native-platform.dll
0x00007fffd2b40000 - 0x00007fffd2b57000 	C:\WINDOWS\SYSTEM32\CRYPTSP.dll
0x00007fffd25a0000 - 0x00007fffd25d3000 	C:\WINDOWS\system32\rsaenh.dll
0x00007fffd3010000 - 0x00007fffd303b000 	C:\WINDOWS\SYSTEM32\bcrypt.dll
0x00007fffd2820000 - 0x00007fffd283f000 	C:\WINDOWS\SYSTEM32\USERENV.dll
0x00007fffd3000000 - 0x00007fffd300b000 	C:\WINDOWS\SYSTEM32\CRYPTBASE.dll
0x00007fffd2720000 - 0x00007fffd2758000 	C:\WINDOWS\SYSTEM32\IPHLPAPI.DLL
0x00007fffd44e0000 - 0x00007fffd44e8000 	C:\WINDOWS\System32\NSI.dll
0x00007fffcf6f0000 - 0x00007fffcf706000 	C:\WINDOWS\SYSTEM32\dhcpcsvc6.DLL
0x00007fffcf7c0000 - 0x00007fffcf7da000 	C:\WINDOWS\SYSTEM32\dhcpcsvc.DLL
0x0000000056710000 - 0x000000005671d000 	C:\Program Files\Java\jdk1.8.0_51\jre\bin\management.dll
0x00007fffcb260000 - 0x00007fffcb3f2000 	C:\WINDOWS\SYSTEM32\dbghelp.dll

VM Arguments:
jvm_args: -Dorg.gradle.appname=gradlew 
java_command: org.gradle.wrapper.GradleWrapperMain installDebug
java_class_path (initial): C:\Users\Aishwarya\Desktop\sample\android\\gradle\wrapper\gradle-wrapper.jar
Launcher Type: SUN_STANDARD

Environment Variables:
JAVA_HOME=C:\Program Files\Java\jdk1.8.0_51
CLASSPATH=C:\Users\Aishwarya\Desktop\sample\android\\gradle\wrapper\gradle-wrapper.jar
PATH=C:\Users\Aishwarya\bin;C:\Program Files\Git\mingw64\bin;C:\Program Files\Git\usr\local\bin;C:\Program Files\Git\usr\bin;C:\Program Files\Git\usr\bin;C:\Program Files\Git\mingw64\bin;C:\Program Files\Git\usr\bin;C:\Users\Aishwarya\bin;C:\ProgramData\Oracle\Java\javapath;C:\Program Files (x86)\Common Files\Intel\Shared Files\cpp\bin\Intel64;C:\Program Files (x86)\Intel\iCLS Client;C:\Program Files\Intel\iCLS Client;C:\Windows\system32;C:\Windows;C:\Windows\System32\Wbem;C:\Windows\System32\WindowsPowerShell\v1.0;C:\Program Files\Intel\Intel(R) Management Engine Components\DAL;C:\Program Files\Intel\Intel(R) Management Engine Components\IPT;C:\Program Files (x86)\Intel\Intel(R) Management Engine Components\DAL;C:\Program Files (x86)\Intel\Intel(R) Management Engine Components\IPT;C:\Program Files (x86)\NVIDIA Corporation\PhysX\Common;C:\Program Files (x86)\Common Files\lenovo\easyplussdk\bin;C:\WINDOWS\system32;C:\WINDOWS;C:\WINDOWS\System32\Wbem;C:\WINDOWS\System32\WindowsPowerShell\v1.0;C:\Program Files\MySQL\MySQL Server 5.7\bin;C:\Program Files\Git\cmd;C:\Program Files\nodejs;C:\Users\Aishwarya\AppData\Local\Programs\Python\Python36\Scripts;C:\Users\Aishwarya\AppData\Local\Programs\Python\Python36;C:\Users\Aishwarya\AppData\Local\Microsoft\WindowsApps;C:\Users\Aishwarya\AppData\Local\GitHubDesktop\bin;C:\Users\Aishwarya\AppData\Roaming\npm;C:\Program Files\Git\usr\bin\vendor_perl;C:\Program Files\Git\usr\bin\core_perl
USERNAME=Aishwarya
SHELL=C:\Program Files\Git\usr\bin\bash.exe
DISPLAY=needs-to-be-defined
OS=Windows_NT
PROCESSOR_IDENTIFIER=Intel64 Family 6 Model 60 Stepping 3, GenuineIntel



---------------  S Y S T E M  ---------------

OS: Windows 10.0 , 64 bit Build 14393 (10.0.14393.1198)

CPU:total 8 (4 cores per cpu, 2 threads per core) family 6 model 60 stepping 3, cmov, cx8, fxsr, mmx, sse, sse2, sse3, ssse3, sse4.1, sse4.2, popcnt, avx, avx2, aes, clmul, erms, lzcnt, ht, tsc, tscinvbit, bmi1, bmi2

Memory: 4k page, physical 8274988k(1448152k free), swap 13794228k(229756k free)

vm_info: Java HotSpot(TM) 64-Bit Server VM (25.51-b03) for windows-amd64 JRE (1.8.0_51-b16), built on Jun  8 2015 18:03:07 by "java_re" with MS VC++ 10.0 (VS2010)

time: Mon Oct 16 18:32:20 2017
elapsed time: 25 seconds (0d 0h 0m 25s)

