#
# There is insufficient memory for the Java Runtime Environment to continue.
# Native memory allocation (malloc) failed to allocate 1048576 bytes for AllocateHeap
# Possible reasons:
#   The system is out of physical RAM or swap space
#   In 32 bit mode, the process size limit was hit
# Possible solutions:
#   Reduce memory load on the system
#   Increase physical memory or swap space
#   Check if swap backing store is full
#   Use 64 bit Java on a 64 bit OS
#   Decrease Java heap size (-Xmx/-Xms)
#   Decrease number of Java threads
#   Decrease Java thread stack sizes (-Xss)
#   Set larger code cache with -XX:ReservedCodeCacheSize=
# This output file may be truncated or incomplete.
#
#  Out of Memory Error (memory/allocation.inline.hpp:61), pid=15320, tid=14392
#
# JRE version:  (8.0_51-b16) (build )
# Java VM: Java HotSpot(TM) 64-Bit Server VM (25.51-b03 mixed mode windows-amd64 compressed oops)
# Failed to write core dump. Minidumps are not enabled by default on client versions of Windows
#

---------------  T H R E A D  ---------------

Current thread (0x00000000024a2800):  JavaThread "Unknown thread" [_thread_in_vm, id=14392, stack(0x00000000022e0000,0x00000000023e0000)]

Stack: [0x00000000022e0000,0x00000000023e0000]
Native frames: (J=compiled Java code, j=interpreted, Vv=VM code, C=native code)
V  [jvm.dll+0x32b4ca]
V  [jvm.dll+0x2797e3]
V  [jvm.dll+0x27a479]
V  [jvm.dll+0x271765]
V  [jvm.dll+0x1606]
V  [jvm.dll+0x3c0822]
V  [jvm.dll+0x3eead2]
V  [jvm.dll+0x3eefdc]
V  [jvm.dll+0x3ea537]
V  [jvm.dll+0xf2c22]
V  [jvm.dll+0x20f0a9]
V  [jvm.dll+0x240d2a]
V  [jvm.dll+0x15b9a1]
C  [java.exe+0x216e]
C  [java.exe+0xcd07]
C  [java.exe+0xcd9b]
C  [KERNEL32.DLL+0x8364]
C  [ntdll.dll+0x67091]


---------------  P R O C E S S  ---------------

Java Threads: ( => current thread )

Other Threads:

=>0x00000000024a2800 (exited) JavaThread "Unknown thread" [_thread_in_vm, id=14392, stack(0x00000000022e0000,0x00000000023e0000)]

VM state:not at safepoint (normal execution)

VM Mutex/Monitor currently owned by a thread: None

Heap:
 PSYoungGen      total 38400K, used 665K [0x00000000d5e00000, 0x00000000d8880000, 0x0000000100000000)
  eden space 33280K, 2% used [0x00000000d5e00000,0x00000000d5ea6670,0x00000000d7e80000)
  from space 5120K, 0% used [0x00000000d8380000,0x00000000d8380000,0x00000000d8880000)
  to   space 5120K, 0% used [0x00000000d7e80000,0x00000000d7e80000,0x00000000d8380000)
 ParOldGen       total 87552K, used 0K [0x0000000081a00000, 0x0000000086f80000, 0x00000000d5e00000)
  object space 87552K, 0% used [0x0000000081a00000,0x0000000081a00000,0x0000000086f80000)
 Metaspace       used 766K, capacity 4480K, committed 4480K, reserved 1056768K
  class space    used 75K, capacity 384K, committed 384K, reserved 1048576K

Card table byte_map: [0x0000000011960000,0x0000000011d60000] byte_map_base: 0x0000000011553000

Marking Bits: (ParMarkBitMap*) 0x0000000055d64040
 Begin Bits: [0x0000000012810000, 0x00000000147a8000)
 End Bits:   [0x00000000147a8000, 0x0000000016740000)

Polling page: 0x00000000006c0000

CodeCache: size=245760Kb used=328Kb max_used=328Kb free=245431Kb
 bounds [0x00000000025a0000, 0x0000000002810000, 0x00000000115a0000]
 total_blobs=57 nmethods=0 adapters=37
 compilation: enabled

Compilation events (0 events):
No events

GC Heap History (0 events):
No events

Deoptimization events (0 events):
No events

Internal exceptions (0 events):
No events

Events (10 events):
Event: 0.019 loading class java/lang/Short
Event: 0.019 loading class java/lang/Short done
Event: 0.019 loading class java/lang/Integer
Event: 0.019 loading class java/lang/Integer done
Event: 0.019 loading class java/lang/Long
Event: 0.019 loading class java/lang/Long done
Event: 0.020 loading class java/lang/NullPointerException
Event: 0.020 loading class java/lang/NullPointerException done
Event: 0.020 loading class java/lang/ArithmeticException
Event: 0.020 loading class java/lang/ArithmeticException done


Dynamic libraries:
0x00007ff6af840000 - 0x00007ff6af877000 	C:\Program Files\Java\jdk1.8.0_51\bin\java.exe
0x00007fffd6c60000 - 0x00007fffd6e32000 	C:\WINDOWS\SYSTEM32\ntdll.dll
0x00007fffd4630000 - 0x00007fffd46dc000 	C:\WINDOWS\System32\KERNEL32.DLL
0x00007fffd3310000 - 0x00007fffd352d000 	C:\WINDOWS\System32\KERNELBASE.dll
0x00007fffd4d80000 - 0x00007fffd4e22000 	C:\WINDOWS\System32\ADVAPI32.dll
0x00007fffd4b80000 - 0x00007fffd4c1e000 	C:\WINDOWS\System32\msvcrt.dll
0x00007fffd4b20000 - 0x00007fffd4b79000 	C:\WINDOWS\System32\sechost.dll
0x00007fffd49e0000 - 0x00007fffd4b01000 	C:\WINDOWS\System32\RPCRT4.dll
0x00007fffd4e60000 - 0x00007fffd4fc5000 	C:\WINDOWS\System32\USER32.dll
0x00007fffd3cb0000 - 0x00007fffd3cce000 	C:\WINDOWS\System32\win32u.dll
0x00007fffd6a80000 - 0x00007fffd6ab4000 	C:\WINDOWS\System32\GDI32.dll
0x00007fffd3d30000 - 0x00007fffd3eb0000 	C:\WINDOWS\System32\gdi32full.dll
0x00007fffca6b0000 - 0x00007fffca92a000 	C:\WINDOWS\WinSxS\amd64_microsoft.windows.common-controls_6595b64144ccf1df_6.0.14393.953_none_42151e83c686086b\COMCTL32.dll
0x00007fffd4710000 - 0x00007fffd49d8000 	C:\WINDOWS\System32\combase.dll
0x00007fffd3eb0000 - 0x00007fffd3fa5000 	C:\WINDOWS\System32\ucrtbase.dll
0x00007fffd4180000 - 0x00007fffd41ea000 	C:\WINDOWS\System32\bcryptPrimitives.dll
0x00007fffd4e30000 - 0x00007fffd4e5e000 	C:\WINDOWS\System32\IMM32.DLL
0x0000000055df0000 - 0x0000000055ec2000 	C:\Program Files\Java\jdk1.8.0_51\jre\bin\msvcr100.dll
0x0000000055560000 - 0x0000000055de3000 	C:\Program Files\Java\jdk1.8.0_51\jre\bin\server\jvm.dll
0x00007fffd4700000 - 0x00007fffd4708000 	C:\WINDOWS\System32\PSAPI.DLL
0x00007fffc8380000 - 0x00007fffc8389000 	C:\WINDOWS\SYSTEM32\WSOCK32.dll
0x00007fffd1630000 - 0x00007fffd1653000 	C:\WINDOWS\SYSTEM32\WINMM.dll
0x00007fffcb950000 - 0x00007fffcb95a000 	C:\WINDOWS\SYSTEM32\VERSION.dll
0x00007fffd4470000 - 0x00007fffd44da000 	C:\WINDOWS\System32\WS2_32.dll
0x0000000000b70000 - 0x0000000000b9b000 	C:\WINDOWS\SYSTEM32\WINMMBASE.dll
0x00007fffd3210000 - 0x00007fffd3252000 	C:\WINDOWS\System32\cfgmgr32.dll
0x00000000567b0000 - 0x00000000567bf000 	C:\Program Files\Java\jdk1.8.0_51\jre\bin\verify.dll
0x0000000056780000 - 0x00000000567a9000 	C:\Program Files\Java\jdk1.8.0_51\jre\bin\java.dll
0x0000000056760000 - 0x0000000056776000 	C:\Program Files\Java\jdk1.8.0_51\jre\bin\zip.dll
0x00007fffcb260000 - 0x00007fffcb3f2000 	C:\WINDOWS\SYSTEM32\dbghelp.dll

VM Arguments:
jvm_args: -Dorg.gradle.appname=gradlew 
java_command: org.gradle.wrapper.GradleWrapperMain installDebug
java_class_path (initial): C:\Users\Aishwarya\Desktop\sample\android\\gradle\wrapper\gradle-wrapper.jar
Launcher Type: SUN_STANDARD

Environment Variables:
JAVA_HOME=C:\Program Files\Java\jdk1.8.0_51
CLASSPATH=C:\Users\Aishwarya\Desktop\sample\android\\gradle\wrapper\gradle-wrapper.jar
PATH=C:\Users\Aishwarya\bin;C:\Program Files\Git\mingw64\bin;C:\Program Files\Git\usr\local\bin;C:\Program Files\Git\usr\bin;C:\Program Files\Git\usr\bin;C:\Program Files\Git\mingw64\bin;C:\Program Files\Git\usr\bin;C:\Users\Aishwarya\bin;C:\ProgramData\Oracle\Java\javapath;C:\Program Files (x86)\Common Files\Intel\Shared Files\cpp\bin\Intel64;C:\Program Files (x86)\Intel\iCLS Client;C:\Program Files\Intel\iCLS Client;C:\Windows\system32;C:\Windows;C:\Windows\System32\Wbem;C:\Windows\System32\WindowsPowerShell\v1.0;C:\Program Files\Intel\Intel(R) Management Engine Components\DAL;C:\Program Files\Intel\Intel(R) Management Engine Components\IPT;C:\Program Files (x86)\Intel\Intel(R) Management Engine Components\DAL;C:\Program Files (x86)\Intel\Intel(R) Management Engine Components\IPT;C:\Program Files (x86)\NVIDIA Corporation\PhysX\Common;C:\Program Files (x86)\Common Files\lenovo\easyplussdk\bin;C:\WINDOWS\system32;C:\WINDOWS;C:\WINDOWS\System32\Wbem;C:\WINDOWS\System32\WindowsPowerShell\v1.0;C:\Program Files\MySQL\MySQL Server 5.7\bin;C:\Program Files\Git\cmd;C:\Program Files\nodejs;C:\Users\Aishwarya\AppData\Local\Programs\Python\Python36\Scripts;C:\Users\Aishwarya\AppData\Local\Programs\Python\Python36;C:\Users\Aishwarya\AppData\Local\Microsoft\WindowsApps;C:\Users\Aishwarya\AppData\Local\GitHubDesktop\bin;C:\Users\Aishwarya\AppData\Roaming\npm;C:\Program Files\Git\usr\bin\vendor_perl;C:\Program Files\Git\usr\bin\core_perl
USERNAME=Aishwarya
SHELL=C:\Program Files\Git\usr\bin\bash.exe
DISPLAY=needs-to-be-defined
OS=Windows_NT
PROCESSOR_IDENTIFIER=Intel64 Family 6 Model 60 Stepping 3, GenuineIntel



---------------  S Y S T E M  ---------------

OS: Windows 10.0 , 64 bit Build 14393 (10.0.14393.1198)

CPU:total 8 (4 cores per cpu, 2 threads per core) family 6 model 60 stepping 3, cmov, cx8, fxsr, mmx, sse, sse2, sse3, ssse3, sse4.1, sse4.2, popcnt, avx, avx2, aes, clmul, erms, lzcnt, ht, tsc, tscinvbit, bmi1, bmi2

Memory: 4k page, physical 8274988k(2144672k free), swap 13794228k(4968k free)

vm_info: Java HotSpot(TM) 64-Bit Server VM (25.51-b03) for windows-amd64 JRE (1.8.0_51-b16), built on Jun  8 2015 18:03:07 by "java_re" with MS VC++ 10.0 (VS2010)

time: Mon Oct 16 19:09:38 2017
elapsed time: 0 seconds (0d 0h 0m 0s)

